#
# There is insufficient memory for the Java Runtime Environment to continue.
# Native memory allocation (malloc) failed to allocate 1950416 bytes for Chunk::new
# Possible reasons:
#   The system is out of physical RAM or swap space
#   The process is running with CompressedOops enabled, and the Java Heap may be blocking the growth of the native heap
# Possible solutions:
#   Reduce memory load on the system
#   Increase physical memory or swap space
#   Check if swap backing store is full
#   Decrease Java heap size (-Xmx/-Xms)
#   Decrease number of Java threads
#   Decrease Java thread stack sizes (-Xss)
#   Set larger code cache with -XX:ReservedCodeCacheSize=
#   JVM is running with Unscaled Compressed Oops mode in which the Java heap is
#     placed in the first 4GB address space. The Java Heap base address is the
#     maximum limit for the native heap growth. Please use -XX:HeapBaseMinAddress
#     to set the Java Heap base and to place the Java Heap above 4GB virtual address.
# This output file may be truncated or incomplete.
#
#  Out of Memory Error (arena.cpp:197), pid=6348, tid=12280
#
# JRE version: OpenJDK Runtime Environment Temurin-11.0.19+7 (11.0.19+7) (build 11.0.19+7)
# Java VM: OpenJDK 64-Bit Server VM Temurin-11.0.19+7 (11.0.19+7, mixed mode, tiered, compressed oops, g1 gc, windows-amd64)
# No core dump will be written. Minidumps are not enabled by default on client versions of Windows
#

---------------  S U M M A R Y ------------

Command Line: -Dorg.gradle.internal.worker.tmpdir=C:\Users\idusv\Desktop\Netology\5_CouseProject\QAMID-66_Vemant_CourseProject\build\tmp\test\work -Dorg.gradle.native=false -Dselenide.headless -Xmx512m -Dfile.encoding=windows-1251 -Duser.country=RU -Duser.language=ru -Duser.variant -ea worker.org.gradle.process.internal.worker.GradleWorkerMain 'Gradle Test Executor 53'

Host: Intel(R) Core(TM) i3-10110U CPU @ 2.10GHz, 4 cores, 3G,  Windows 11 , 64 bit Build 22621 (10.0.22621.2428)
Time: Mon Nov  6 22:22:54 2023 RTZ 2 (s 11 , 64 bit Build 22621 (10.0.22621.2428) elapsed time: 11.864414 seconds (0d 0h 0m 11s)

---------------  T H R E A D  ---------------

Current thread (0x00000188737d0800):  JavaThread "C2 CompilerThread0" daemon [_thread_in_native, id=12280, stack(0x00000014f8d00000,0x00000014f8e00000)]


Current CompileTask:
C2:  11864 2496   !   4       jdk.internal.loader.BuiltinClassLoader::loadClassOrNull (143 bytes)

Stack: [0x00000014f8d00000,0x00000014f8e00000]
Native frames: (J=compiled Java code, j=interpreted, Vv=VM code, C=native code)
V  [jvm.dll+0x64fb5a]
V  [jvm.dll+0x7e3549]
V  [jvm.dll+0x7e4c49]
V  [jvm.dll+0x7e5333]
V  [jvm.dll+0x26afd5]
V  [jvm.dll+0xc1a5c]
V  [jvm.dll+0xc200c]
V  [jvm.dll+0x37b337]
V  [jvm.dll+0x1b39a4]
V  [jvm.dll+0x222ecf]
V  [jvm.dll+0x221d88]
V  [jvm.dll+0x19e6c1]
V  [jvm.dll+0x231f59]
V  [jvm.dll+0x2300af]
V  [jvm.dll+0x7a48d0]
V  [jvm.dll+0x79d6e4]
V  [jvm.dll+0x64e915]
C  [ucrtbase.dll+0x29363]
C  [KERNEL32.DLL+0x1257d]
C  [ntdll.dll+0x5aa78]


---------------  P R O C E S S  ---------------

Threads class SMR info:
_java_thread_list=0x00000188760cf800, length=25, elements={
0x0000018858845800, 0x0000018873767000, 0x0000018873770000, 0x00000188737ca000,
0x00000188737cb800, 0x00000188737cc800, 0x00000188737d0800, 0x00000188737d5000,
0x00000188737e2800, 0x0000018874206800, 0x0000018874b20000, 0x0000018874be4800,
0x0000018874bce800, 0x0000018875c22800, 0x0000018875c87000, 0x0000018875ecf800,
0x000001887583c800, 0x000001887552a000, 0x0000018876182000, 0x00000188759dd000,
0x000001887629f000, 0x000001887629a000, 0x000001887629b800, 0x000001887629c800,
0x000001887629d800
}

Java Threads: ( => current thread )
  0x0000018858845800 JavaThread "Forwarding clickElement on session 379410f1b026c85ea67ba81cb98a153a to remote" [_thread_blocked, id=12220, stack(0x00000014f8100000,0x00000014f8200000)]
  0x0000018873767000 JavaThread "Reference Handler" daemon [_thread_blocked, id=4140, stack(0x00000014f8800000,0x00000014f8900000)]
  0x0000018873770000 JavaThread "Finalizer" daemon [_thread_blocked, id=14388, stack(0x00000014f8900000,0x00000014f8a00000)]
  0x00000188737ca000 JavaThread "Signal Dispatcher" daemon [_thread_blocked, id=9872, stack(0x00000014f8a00000,0x00000014f8b00000)]
  0x00000188737cb800 JavaThread "Attach Listener" daemon [_thread_blocked, id=2508, stack(0x00000014f8b00000,0x00000014f8c00000)]
  0x00000188737cc800 JavaThread "Service Thread" daemon [_thread_blocked, id=14564, stack(0x00000014f8c00000,0x00000014f8d00000)]
=>0x00000188737d0800 JavaThread "C2 CompilerThread0" daemon [_thread_in_native, id=12280, stack(0x00000014f8d00000,0x00000014f8e00000)]
  0x00000188737d5000 JavaThread "C1 CompilerThread0" daemon [_thread_blocked, id=11812, stack(0x00000014f8e00000,0x00000014f8f00000)]
  0x00000188737e2800 JavaThread "Sweeper thread" daemon [_thread_blocked, id=9688, stack(0x00000014f8f00000,0x00000014f9000000)]
  0x0000018874206800 JavaThread "Common-Cleaner" daemon [_thread_blocked, id=11448, stack(0x00000014f9100000,0x00000014f9200000)]
  0x0000018874b20000 JavaThread "/127.0.0.1:58559 to /127.0.0.1:58555 workers" [_thread_blocked, id=6152, stack(0x00000014f9500000,0x00000014f9600000)]
  0x0000018874be4800 JavaThread "/127.0.0.1:58559 to /127.0.0.1:58555 workers Thread 2" [_thread_blocked, id=1688, stack(0x00000014f9600000,0x00000014f9700000)]
  0x0000018874bce800 JavaThread "/127.0.0.1:58559 to /127.0.0.1:58555 workers Thread 3" [_thread_in_native, id=11204, stack(0x00000014f9700000,0x00000014f9800000)]
  0x0000018875c22800 JavaThread "ForkJoinPool.commonPool-worker-3" daemon [_thread_blocked, id=1544, stack(0x00000014f9a00000,0x00000014f9b00000)]
  0x0000018875c87000 JavaThread "AsyncHttpClient-1-1" daemon [_thread_blocked, id=8664, stack(0x00000014f9b00000,0x00000014f9c00000)]
  0x0000018875ecf800 JavaThread "Exec Default Executor" daemon [_thread_in_native, id=13880, stack(0x00000014f9d00000,0x00000014f9e00000)]
  0x000001887583c800 JavaThread "Exec Stream Pumper" daemon [_thread_in_native, id=1480, stack(0x00000014f9e00000,0x00000014f9f00000)]
  0x000001887552a000 JavaThread "Exec Stream Pumper" daemon [_thread_in_native, id=14280, stack(0x00000014f9f00000,0x00000014fa000000)]
  0x0000018876182000 JavaThread "Driver Service Executor" daemon [_thread_blocked, id=8832, stack(0x00000014fa000000,0x00000014fa100000)]
  0x00000188759dd000 JavaThread "Driver Service Executor" daemon [_thread_blocked, id=11708, stack(0x00000014fa100000,0x00000014fa200000)]
  0x000001887629f000 JavaThread "UrlChecker-2" daemon [_thread_blocked, id=2252, stack(0x00000014fa200000,0x00000014fa300000)]
  0x000001887629a000 JavaThread "AsyncHttpClient-1-2" daemon [_thread_in_native, id=6696, stack(0x00000014f9c00000,0x00000014f9d00000)]
  0x000001887629b800 JavaThread "AsyncHttpClient-1-3" daemon [_thread_in_native, id=8104, stack(0x00000014fa400000,0x00000014fa500000)]
  0x000001887629c800 JavaThread "AsyncHttpClient-1-4" daemon [_thread_in_native, id=12724, stack(0x00000014fa500000,0x00000014fa600000)]
  0x000001887629d800 JavaThread "Dead threads watchdog" daemon [_thread_blocked, id=2004, stack(0x00000014fa600000,0x00000014fa700000)]

Other Threads:
  0x0000018873743000 VMThread "VM Thread" [stack: 0x00000014f8700000,0x00000014f8800000] [id=10008]
  0x0000018874274800 WatcherThread [stack: 0x00000014f9000000,0x00000014f9100000] [id=13832]
  0x0000018858860800 GCTaskThread "GC Thread#0" [stack: 0x00000014f8200000,0x00000014f8300000] [id=14932]
  0x00000188744fd800 GCTaskThread "GC Thread#1" [stack: 0x00000014f9300000,0x00000014f9400000] [id=972]
  0x0000018874cae800 GCTaskThread "GC Thread#2" [stack: 0x00000014f9800000,0x00000014f9900000] [id=7756]
  0x0000018874caf800 GCTaskThread "GC Thread#3" [stack: 0x00000014f9900000,0x00000014f9a00000] [id=14728]
  0x0000018858870000 ConcurrentGCThread "G1 Main Marker" [stack: 0x00000014f8300000,0x00000014f8400000] [id=3820]
  0x0000018858872800 ConcurrentGCThread "G1 Conc#0" [stack: 0x00000014f8400000,0x00000014f8500000] [id=7052]
  0x00000188588ca000 ConcurrentGCThread "G1 Refine#0" [stack: 0x00000014f8500000,0x00000014f8600000] [id=14896]
  0x0000018874b1c800 ConcurrentGCThread "G1 Refine#1" [stack: 0x00000014f9400000,0x00000014f9500000] [id=1708]
  0x00000188588cb000 ConcurrentGCThread "G1 Young RemSet Sampling" [stack: 0x00000014f8600000,0x00000014f8700000] [id=6456]

Threads with active compile tasks:
C2 CompilerThread0    11888 2496   !   4       jdk.internal.loader.BuiltinClassLoader::loadClassOrNull (143 bytes)

VM state:not at safepoint (normal execution)

VM Mutex/Monitor currently owned by a thread: None

Heap address: 0x00000000e0000000, size: 512 MB, Compressed Oops mode: 32-bit
Narrow klass base: 0x0000000000000000, Narrow klass shift: 3
Compressed class space size: 1073741824 Address: 0x0000000100000000

Heap:
 garbage-first heap   total 63488K, used 27753K [0x00000000e0000000, 0x0000000100000000)
  region size 1024K, 13 young (13312K), 2 survivors (2048K)
 Metaspace       used 32454K, capacity 33645K, committed 33712K, reserved 1079296K
  class space    used 3870K, capacity 4329K, committed 4352K, reserved 1048576K
Heap Regions: E=young(eden), S=young(survivor), O=old, HS=humongous(starts), HC=humongous(continues), CS=collection set, F=free, A=archive, TAMS=top-at-mark-start (previous, next)
|   0|0x00000000e0000000, 0x00000000e0100000, 0x00000000e0100000|100%| O|  |TAMS 0x00000000e0100000, 0x00000000e0000000| Untracked 
|   1|0x00000000e0100000, 0x00000000e0200000, 0x00000000e0200000|100%| O|  |TAMS 0x00000000e0200000, 0x00000000e0100000| Untracked 
|   2|0x00000000e0200000, 0x00000000e0300000, 0x00000000e0300000|100%| O|  |TAMS 0x00000000e0300000, 0x00000000e0200000| Untracked 
|   3|0x00000000e0300000, 0x00000000e0400000, 0x00000000e0400000|100%| O|  |TAMS 0x00000000e0400000, 0x00000000e0300000| Untracked 
|   4|0x00000000e0400000, 0x00000000e0500000, 0x00000000e0500000|100%| O|  |TAMS 0x00000000e0500000, 0x00000000e0400000| Untracked 
|   5|0x00000000e0500000, 0x00000000e0600000, 0x00000000e0600000|100%| O|  |TAMS 0x00000000e05fda00, 0x00000000e0500000| Untracked 
|   6|0x00000000e0600000, 0x00000000e0700000, 0x00000000e0700000|100%|HS|  |TAMS 0x00000000e0600000, 0x00000000e0600000| Complete 
|   7|0x00000000e0700000, 0x00000000e0800000, 0x00000000e0800000|100%|HC|  |TAMS 0x00000000e0700000, 0x00000000e0700000| Complete 
|   8|0x00000000e0800000, 0x00000000e0900000, 0x00000000e0900000|100%|HC|  |TAMS 0x00000000e0800000, 0x00000000e0800000| Complete 
|   9|0x00000000e0900000, 0x00000000e0a00000, 0x00000000e0a00000|100%|HC|  |TAMS 0x00000000e0900000, 0x00000000e0900000| Complete 
|  10|0x00000000e0a00000, 0x00000000e0b00000, 0x00000000e0b00000|100%|HC|  |TAMS 0x00000000e0a00000, 0x00000000e0a00000| Complete 
|  11|0x00000000e0b00000, 0x00000000e0c00000, 0x00000000e0c00000|100%| O|  |TAMS 0x00000000e0b00000, 0x00000000e0b00000| Untracked 
|  12|0x00000000e0c00000, 0x00000000e0d00000, 0x00000000e0d00000|100%| O|  |TAMS 0x00000000e0c00000, 0x00000000e0c00000| Untracked 
|  13|0x00000000e0d00000, 0x00000000e0e00000, 0x00000000e0e00000|100%| O|  |TAMS 0x00000000e0d00000, 0x00000000e0d00000| Untracked 
|  14|0x00000000e0e00000, 0x00000000e0f00000, 0x00000000e0f00000|100%| O|  |TAMS 0x00000000e0e00000, 0x00000000e0e00000| Untracked 
|  15|0x00000000e0f00000, 0x00000000e0f88200, 0x00000000e1000000| 53%| O|  |TAMS 0x00000000e0f00000, 0x00000000e0f00000| Untracked 
|  16|0x00000000e1000000, 0x00000000e1000000, 0x00000000e1100000|  0%| F|  |TAMS 0x00000000e1000000, 0x00000000e1000000| Untracked 
|  17|0x00000000e1100000, 0x00000000e1100000, 0x00000000e1200000|  0%| F|  |TAMS 0x00000000e1100000, 0x00000000e1100000| Untracked 
|  18|0x00000000e1200000, 0x00000000e1200000, 0x00000000e1300000|  0%| F|  |TAMS 0x00000000e1200000, 0x00000000e1200000| Untracked 
|  19|0x00000000e1300000, 0x00000000e1300000, 0x00000000e1400000|  0%| F|  |TAMS 0x00000000e1300000, 0x00000000e1300000| Untracked 
|  20|0x00000000e1400000, 0x00000000e1400000, 0x00000000e1500000|  0%| F|  |TAMS 0x00000000e1400000, 0x00000000e1400000| Untracked 
|  21|0x00000000e1500000, 0x00000000e1500000, 0x00000000e1600000|  0%| F|  |TAMS 0x00000000e1500000, 0x00000000e1500000| Untracked 
|  22|0x00000000e1600000, 0x00000000e1600000, 0x00000000e1700000|  0%| F|  |TAMS 0x00000000e1600000, 0x00000000e1600000| Untracked 
|  23|0x00000000e1700000, 0x00000000e1700000, 0x00000000e1800000|  0%| F|  |TAMS 0x00000000e1700000, 0x00000000e1700000| Untracked 
|  24|0x00000000e1800000, 0x00000000e1800000, 0x00000000e1900000|  0%| F|  |TAMS 0x00000000e1800000, 0x00000000e1800000| Untracked 
|  25|0x00000000e1900000, 0x00000000e1900000, 0x00000000e1a00000|  0%| F|  |TAMS 0x00000000e1900000, 0x00000000e1900000| Untracked 
|  26|0x00000000e1a00000, 0x00000000e1a00000, 0x00000000e1b00000|  0%| F|  |TAMS 0x00000000e1a00000, 0x00000000e1a00000| Untracked 
|  27|0x00000000e1b00000, 0x00000000e1b00000, 0x00000000e1c00000|  0%| F|  |TAMS 0x00000000e1b00000, 0x00000000e1b00000| Untracked 
|  28|0x00000000e1c00000, 0x00000000e1c00000, 0x00000000e1d00000|  0%| F|  |TAMS 0x00000000e1c00000, 0x00000000e1c00000| Untracked 
|  29|0x00000000e1d00000, 0x00000000e1d00000, 0x00000000e1e00000|  0%| F|  |TAMS 0x00000000e1d00000, 0x00000000e1d00000| Untracked 
|  30|0x00000000e1e00000, 0x00000000e1e92388, 0x00000000e1f00000| 57%| S|CS|TAMS 0x00000000e1e00000, 0x00000000e1e00000| Complete 
|  31|0x00000000e1f00000, 0x00000000e2000000, 0x00000000e2000000|100%| S|CS|TAMS 0x00000000e1f00000, 0x00000000e1f00000| Complete 
|  32|0x00000000e2000000, 0x00000000e2000000, 0x00000000e2100000|  0%| F|  |TAMS 0x00000000e2000000, 0x00000000e2000000| Untracked 
|  33|0x00000000e2100000, 0x00000000e2100000, 0x00000000e2200000|  0%| F|  |TAMS 0x00000000e2100000, 0x00000000e2100000| Untracked 
|  34|0x00000000e2200000, 0x00000000e2200000, 0x00000000e2300000|  0%| F|  |TAMS 0x00000000e2200000, 0x00000000e2200000| Untracked 
|  35|0x00000000e2300000, 0x00000000e2300000, 0x00000000e2400000|  0%| F|  |TAMS 0x00000000e2300000, 0x00000000e2300000| Untracked 
|  36|0x00000000e2400000, 0x00000000e2400000, 0x00000000e2500000|  0%| F|  |TAMS 0x00000000e2400000, 0x00000000e2400000| Untracked 
|  37|0x00000000e2500000, 0x00000000e2500000, 0x00000000e2600000|  0%| F|  |TAMS 0x00000000e2500000, 0x00000000e2500000| Untracked 
|  38|0x00000000e2600000, 0x00000000e2600000, 0x00000000e2700000|  0%| F|  |TAMS 0x00000000e2600000, 0x00000000e2600000| Untracked 
|  39|0x00000000e2700000, 0x00000000e2700000, 0x00000000e2800000|  0%| F|  |TAMS 0x00000000e2700000, 0x00000000e2700000| Untracked 
|  40|0x00000000e2800000, 0x00000000e2800000, 0x00000000e2900000|  0%| F|  |TAMS 0x00000000e2800000, 0x00000000e2800000| Untracked 
|  41|0x00000000e2900000, 0x00000000e2900000, 0x00000000e2a00000|  0%| F|  |TAMS 0x00000000e2900000, 0x00000000e2900000| Untracked 
|  42|0x00000000e2a00000, 0x00000000e2a00000, 0x00000000e2b00000|  0%| F|  |TAMS 0x00000000e2a00000, 0x00000000e2a00000| Untracked 
|  43|0x00000000e2b00000, 0x00000000e2b00000, 0x00000000e2c00000|  0%| F|  |TAMS 0x00000000e2b00000, 0x00000000e2b00000| Untracked 
|  44|0x00000000e2c00000, 0x00000000e2c00000, 0x00000000e2d00000|  0%| F|  |TAMS 0x00000000e2c00000, 0x00000000e2c00000| Untracked 
|  45|0x00000000e2d00000, 0x00000000e2d00000, 0x00000000e2e00000|  0%| F|  |TAMS 0x00000000e2d00000, 0x00000000e2d00000| Untracked 
|  46|0x00000000e2e00000, 0x00000000e2e00000, 0x00000000e2f00000|  0%| F|  |TAMS 0x00000000e2e00000, 0x00000000e2e00000| Untracked 
|  47|0x00000000e2f00000, 0x00000000e2f00000, 0x00000000e3000000|  0%| F|  |TAMS 0x00000000e2f00000, 0x00000000e2f00000| Untracked 
|  48|0x00000000e3000000, 0x00000000e3000000, 0x00000000e3100000|  0%| F|  |TAMS 0x00000000e3000000, 0x00000000e3000000| Untracked 
|  49|0x00000000e3100000, 0x00000000e3100000, 0x00000000e3200000|  0%| F|  |TAMS 0x00000000e3100000, 0x00000000e3100000| Untracked 
|  50|0x00000000e3200000, 0x00000000e3200000, 0x00000000e3300000|  0%| F|  |TAMS 0x00000000e3200000, 0x00000000e3200000| Untracked 
|  51|0x00000000e3300000, 0x00000000e3371bf8, 0x00000000e3400000| 44%| E|  |TAMS 0x00000000e3300000, 0x00000000e3300000| Complete 
|  52|0x00000000e3400000, 0x00000000e3500000, 0x00000000e3500000|100%| E|CS|TAMS 0x00000000e3400000, 0x00000000e3400000| Complete 
|  53|0x00000000e3500000, 0x00000000e3600000, 0x00000000e3600000|100%| E|CS|TAMS 0x00000000e3500000, 0x00000000e3500000| Complete 
|  54|0x00000000e3600000, 0x00000000e3700000, 0x00000000e3700000|100%| E|CS|TAMS 0x00000000e3600000, 0x00000000e3600000| Complete 
|  55|0x00000000e3700000, 0x00000000e3800000, 0x00000000e3800000|100%| E|CS|TAMS 0x00000000e3700000, 0x00000000e3700000| Complete 
|  56|0x00000000e3800000, 0x00000000e3900000, 0x00000000e3900000|100%| E|CS|TAMS 0x00000000e3800000, 0x00000000e3800000| Complete 
|  57|0x00000000e3900000, 0x00000000e3a00000, 0x00000000e3a00000|100%| E|CS|TAMS 0x00000000e3900000, 0x00000000e3900000| Complete 
|  58|0x00000000e3a00000, 0x00000000e3b00000, 0x00000000e3b00000|100%| E|CS|TAMS 0x00000000e3a00000, 0x00000000e3a00000| Complete 
|  59|0x00000000e3b00000, 0x00000000e3c00000, 0x00000000e3c00000|100%| E|CS|TAMS 0x00000000e3b00000, 0x00000000e3b00000| Complete 
|  60|0x00000000e3c00000, 0x00000000e3d00000, 0x00000000e3d00000|100%| E|CS|TAMS 0x00000000e3c00000, 0x00000000e3c00000| Complete 
|  61|0x00000000e3d00000, 0x00000000e3e00000, 0x00000000e3e00000|100%| E|CS|TAMS 0x00000000e3d00000, 0x00000000e3d00000| Complete 

Card table byte_map: [0x000001886ffb0000,0x00000188700b0000] _byte_map_base: 0x000001886f8b0000

Marking Bits (Prev, Next): (CMBitMap*) 0x000001885886d310, (CMBitMap*) 0x000001885886d2d8
 Prev Bits: [0x00000188709b0000, 0x00000188711b0000)
 Next Bits: [0x00000188701b0000, 0x00000188709b0000)

Polling page: 0x0000018858010000

Metaspace:

Usage:
  Non-class:     28.63 MB capacity,    27.91 MB ( 98%) used,   612.36 KB (  2%) free+waste,   119.81 KB ( <1%) overhead. 
      Class:      4.23 MB capacity,     3.78 MB ( 89%) used,   399.03 KB (  9%) free+waste,    59.62 KB (  1%) overhead. 
       Both:     32.86 MB capacity,    31.69 MB ( 96%) used,  1011.39 KB (  3%) free+waste,   179.44 KB ( <1%) overhead. 

Virtual space:
  Non-class space:       30.00 MB reserved,      28.67 MB ( 96%) committed 
      Class space:        1.00 GB reserved,       4.25 MB ( <1%) committed 
             Both:        1.03 GB reserved,      32.92 MB (  3%) committed 

Chunk freelists:
   Non-Class:  44.00 KB
       Class:  23.00 KB
        Both:  67.00 KB

MaxMetaspaceSize: 17179869184.00 GB
CompressedClassSpaceSize: 1.00 GB
Initial GC threshold: 20.80 MB
Current GC threshold: 35.08 MB
CDS: off

CodeHeap 'non-profiled nmethods': size=120064Kb used=1073Kb max_used=1073Kb free=118990Kb
 bounds [0x0000018868a70000, 0x0000018868ce0000, 0x000001886ffb0000]
CodeHeap 'profiled nmethods': size=120000Kb used=5041Kb max_used=5041Kb free=114958Kb
 bounds [0x0000018861540000, 0x0000018861a30000, 0x0000018868a70000]
CodeHeap 'non-nmethods': size=5696Kb used=1260Kb max_used=1283Kb free=4435Kb
 bounds [0x0000018860fb0000, 0x0000018861220000, 0x0000018861540000]
 total_blobs=3071 nmethods=2530 adapters=453
 compilation: enabled
              stopped_count=0, restarted_count=0
 full_count=0

Compilation events (20 events):
Event: 11.548 Thread 0x00000188737d5000 2527       3       java.util.stream.ReduceOps$3ReducingSink::begin (14 bytes)
Event: 11.548 Thread 0x00000188737d5000 nmethod 2527 0x0000018861a28f90 code [0x0000018861a29160, 0x0000018861a29388]
Event: 11.548 Thread 0x00000188737d5000 2528       3       java.util.stream.ReduceOps$3::getOpFlags (28 bytes)
Event: 11.549 Thread 0x00000188737d5000 nmethod 2528 0x0000018861a29490 code [0x0000018861a29660, 0x0000018861a298e8]
Event: 11.549 Thread 0x00000188737d5000 2523       3       java.util.regex.Matcher::find (35 bytes)
Event: 11.549 Thread 0x00000188737d5000 nmethod 2523 0x0000018861a29a10 code [0x0000018861a29c00, 0x0000018861a29fd8]
Event: 11.568 Thread 0x00000188737d5000 2529       3       java.util.Formatter$Conversion::isGeneral (64 bytes)
Event: 11.568 Thread 0x00000188737d5000 nmethod 2529 0x0000018861a2a190 code [0x0000018861a2a340, 0x0000018861a2a518]
Event: 11.568 Thread 0x00000188737d5000 2530       3       java.util.Arrays::binarySearch0 (72 bytes)
Event: 11.569 Thread 0x00000188737d5000 nmethod 2530 0x0000018861a2a590 code [0x0000018861a2a760, 0x0000018861a2a9d8]
Event: 11.571 Thread 0x00000188737d5000 2531       3       com.google.common.collect.ImmutableEntry::<init> (15 bytes)
Event: 11.571 Thread 0x00000188737d5000 nmethod 2531 0x0000018861a2ab10 code [0x0000018861a2ace0, 0x0000018861a2af58]
Event: 11.571 Thread 0x00000188737d5000 2532       3       io.netty.handler.codec.DefaultHeaders::index (7 bytes)
Event: 11.571 Thread 0x00000188737d5000 nmethod 2532 0x0000018861a2b090 code [0x0000018861a2b240, 0x0000018861a2b338]
Event: 11.572 Thread 0x00000188737d5000 2533       3       io.netty.util.internal.ObjectUtil::checkPositiveOrZero (42 bytes)
Event: 11.572 Thread 0x00000188737d5000 nmethod 2533 0x0000018861a2b410 code [0x0000018861a2b6a0, 0x0000018861a2c058]
Event: 11.572 Thread 0x00000188737d5000 2534       3       java.lang.Short::reverseBytes (14 bytes)
Event: 11.573 Thread 0x00000188737d5000 nmethod 2534 0x0000018861a2c410 code [0x0000018861a2c5c0, 0x0000018861a2c6b8]
Event: 11.573 Thread 0x00000188737d5000 2535       1       io.netty.buffer.AbstractByteBuf::readerIndex (5 bytes)
Event: 11.573 Thread 0x00000188737d5000 nmethod 2535 0x0000018868b7c210 code [0x0000018868b7c3c0, 0x0000018868b7c478]

GC Heap History (12 events):
Event: 1.156 GC heap before
{Heap before GC invocations=0 (full 0):
 garbage-first heap   total 63488K, used 13312K [0x00000000e0000000, 0x0000000100000000)
  region size 1024K, 14 young (14336K), 0 survivors (0K)
 Metaspace       used 11315K, capacity 11527K, committed 11776K, reserved 1060864K
  class space    used 1133K, capacity 1211K, committed 1280K, reserved 1048576K
}
Event: 1.165 GC heap after
{Heap after GC invocations=1 (full 0):
 garbage-first heap   total 63488K, used 6026K [0x00000000e0000000, 0x0000000100000000)
  region size 1024K, 2 young (2048K), 2 survivors (2048K)
 Metaspace       used 11315K, capacity 11527K, committed 11776K, reserved 1060864K
  class space    used 1133K, capacity 1211K, committed 1280K, reserved 1048576K
}
Event: 1.426 GC heap before
{Heap before GC invocations=1 (full 0):
 garbage-first heap   total 63488K, used 9098K [0x00000000e0000000, 0x0000000100000000)
  region size 1024K, 5 young (5120K), 2 survivors (2048K)
 Metaspace       used 12581K, capacity 12904K, committed 13056K, reserved 1060864K
  class space    used 1300K, capacity 1416K, committed 1536K, reserved 1048576K
}
Event: 1.429 GC heap after
{Heap after GC invocations=2 (full 0):
 garbage-first heap   total 63488K, used 6399K [0x00000000e0000000, 0x0000000100000000)
  region size 1024K, 1 young (1024K), 1 survivors (1024K)
 Metaspace       used 12581K, capacity 12904K, committed 13056K, reserved 1060864K
  class space    used 1300K, capacity 1416K, committed 1536K, reserved 1048576K
}
Event: 2.090 GC heap before
{Heap before GC invocations=2 (full 0):
 garbage-first heap   total 63488K, used 25855K [0x00000000e0000000, 0x0000000100000000)
  region size 1024K, 20 young (20480K), 1 survivors (1024K)
 Metaspace       used 16129K, capacity 16874K, committed 17024K, reserved 1064960K
  class space    used 1813K, capacity 2073K, committed 2176K, reserved 1048576K
}
Event: 2.093 GC heap after
{Heap after GC invocations=3 (full 0):
 garbage-first heap   total 63488K, used 7262K [0x00000000e0000000, 0x0000000100000000)
  region size 1024K, 2 young (2048K), 2 survivors (2048K)
 Metaspace       used 16129K, capacity 16874K, committed 17024K, reserved 1064960K
  class space    used 1813K, capacity 2073K, committed 2176K, reserved 1048576K
}
Event: 4.598 GC heap before
{Heap before GC invocations=3 (full 0):
 garbage-first heap   total 63488K, used 30814K [0x00000000e0000000, 0x0000000100000000)
  region size 1024K, 26 young (26624K), 2 survivors (2048K)
 Metaspace       used 20392K, capacity 21137K, committed 21296K, reserved 1069056K
  class space    used 2352K, capacity 2631K, committed 2688K, reserved 1048576K
}
Event: 4.603 GC heap after
{Heap after GC invocations=4 (full 0):
 garbage-first heap   total 63488K, used 8351K [0x00000000e0000000, 0x0000000100000000)
  region size 1024K, 3 young (3072K), 3 survivors (3072K)
 Metaspace       used 20392K, capacity 21137K, committed 21296K, reserved 1069056K
  class space    used 2352K, capacity 2631K, committed 2688K, reserved 1048576K
}
Event: 5.348 GC heap before
{Heap before GC invocations=5 (full 0):
 garbage-first heap   total 63488K, used 39071K [0x00000000e0000000, 0x0000000100000000)
  region size 1024K, 33 young (33792K), 3 survivors (3072K)
 Metaspace       used 26608K, capacity 27592K, committed 27696K, reserved 1073152K
  class space    used 3066K, capacity 3437K, committed 3456K, reserved 1048576K
}
Event: 5.355 GC heap after
{Heap after GC invocations=6 (full 0):
 garbage-first heap   total 63488K, used 10975K [0x00000000e0000000, 0x0000000100000000)
  region size 1024K, 5 young (5120K), 5 survivors (5120K)
 Metaspace       used 26608K, capacity 27592K, committed 27696K, reserved 1073152K
  class space    used 3066K, capacity 3437K, committed 3456K, reserved 1048576K
}
Event: 7.973 GC heap before
{Heap before GC invocations=6 (full 0):
 garbage-first heap   total 63488K, used 45791K [0x00000000e0000000, 0x0000000100000000)
  region size 1024K, 35 young (35840K), 5 survivors (5120K)
 Metaspace       used 30606K, capacity 31690K, committed 31920K, reserved 1077248K
  class space    used 3627K, capacity 4038K, committed 4096K, reserved 1048576K
}
Event: 7.982 GC heap after
{Heap after GC invocations=7 (full 0):
 garbage-first heap   total 63488K, used 17513K [0x00000000e0000000, 0x0000000100000000)
  region size 1024K, 2 young (2048K), 2 survivors (2048K)
 Metaspace       used 30606K, capacity 31690K, committed 31920K, reserved 1077248K
  class space    used 3627K, capacity 4038K, committed 4096K, reserved 1048576K
}

Deoptimization events (20 events):
Event: 11.163 Thread 0x0000018858845800 Uncommon trap: trap_request=0xffffffde fr.pc=0x0000018868a8f0d8 relative=0x00000000000001b8
Event: 11.163 Thread 0x0000018858845800 Uncommon trap: reason=class_check action=maybe_recompile pc=0x0000018868a8f0d8 method=java.lang.String.equals(Ljava/lang/Object;)Z @ 8 c2
Event: 11.163 Thread 0x0000018858845800 DEOPT PACKING pc=0x0000018868a8f0d8 sp=0x00000014f81fab60
Event: 11.163 Thread 0x0000018858845800 DEOPT UNPACKING pc=0x0000018860ffa1af sp=0x00000014f81faaf8 mode 2
Event: 11.213 Thread 0x0000018858845800 Uncommon trap: trap_request=0xffffff4d fr.pc=0x0000018868b175c4 relative=0x0000000000000b44
Event: 11.213 Thread 0x0000018858845800 Uncommon trap: reason=unstable_if action=reinterpret pc=0x0000018868b175c4 method=java.util.HashMap.hash(Ljava/lang/Object;)I @ 1 c2
Event: 11.213 Thread 0x0000018858845800 DEOPT PACKING pc=0x0000018868b175c4 sp=0x00000014f81f9350
Event: 11.213 Thread 0x0000018858845800 DEOPT UNPACKING pc=0x0000018860ffa1af sp=0x00000014f81f92e0 mode 2
Event: 11.213 Thread 0x0000018858845800 Uncommon trap: trap_request=0xffffff4d fr.pc=0x0000018868ae38ac relative=0x000000000000008c
Event: 11.213 Thread 0x0000018858845800 Uncommon trap: reason=unstable_if action=reinterpret pc=0x0000018868ae38ac method=java.util.HashMap.hash(Ljava/lang/Object;)I @ 1 c2
Event: 11.213 Thread 0x0000018858845800 DEOPT PACKING pc=0x0000018868ae38ac sp=0x00000014f81f9350
Event: 11.213 Thread 0x0000018858845800 DEOPT UNPACKING pc=0x0000018860ffa1af sp=0x00000014f81f92e8 mode 2
Event: 11.364 Thread 0x0000018858845800 Uncommon trap: trap_request=0xffffff4d fr.pc=0x0000018868b3d884 relative=0x00000000000001e4
Event: 11.364 Thread 0x0000018858845800 Uncommon trap: reason=unstable_if action=reinterpret pc=0x0000018868b3d884 method=java.lang.StringCoding.encodeUTF8(B[BZ)[B @ 2 c2
Event: 11.364 Thread 0x0000018858845800 DEOPT PACKING pc=0x0000018868b3d884 sp=0x00000014f81fa890
Event: 11.364 Thread 0x0000018858845800 DEOPT UNPACKING pc=0x0000018860ffa1af sp=0x00000014f81fa838 mode 2
Event: 11.462 Thread 0x0000018858845800 Uncommon trap: trap_request=0xffffff4d fr.pc=0x0000018868b585c0 relative=0x0000000000000280
Event: 11.462 Thread 0x0000018858845800 Uncommon trap: reason=unstable_if action=reinterpret pc=0x0000018868b585c0 method=java.lang.String.indexOf([BBILjava/lang/String;I)I @ 21 c2
Event: 11.462 Thread 0x0000018858845800 DEOPT PACKING pc=0x0000018868b585c0 sp=0x00000014f81fa660
Event: 11.462 Thread 0x0000018858845800 DEOPT UNPACKING pc=0x0000018860ffa1af sp=0x00000014f81fa5c8 mode 2

Classes redefined (0 events):
No events

Internal exceptions (20 events):
Event: 3.431 Thread 0x0000018858845800 Exception <a 'java/lang/NoSuchMethodError'{0x00000000e3365888}: 'java.lang.Object java.lang.invoke.DirectMethodHandle$Holder.invokeStatic(java.lang.Object, java.lang.Object, long)'> (0x00000000e3365888) thrown at [s\src\hotspot\share\interpreter\linkResolver.cpp, line 773]
Event: 3.431 Thread 0x0000018858845800 Exception <a 'java/lang/NoSuchMethodError'{0x00000000e336c350}: 'java.lang.Object java.lang.invoke.Invokers$Holder.linkToTargetMethod(java.lang.Object, long, java.lang.Object)'> (0x00000000e336c350) thrown at [s\src\hotspot\share\interpreter\linkResolver.cpp, line 773]
Event: 4.423 Thread 0x0000018858845800 Exception <a 'java/lang/NoSuchMethodError'{0x00000000e3209c00}: 'double java.lang.invoke.DirectMethodHandle$Holder.invokeVirtual(java.lang.Object, java.lang.Object)'> (0x00000000e3209c00) thrown at [s\src\hotspot\share\interpreter\linkResolver.cpp, line 773]
Event: 4.424 Thread 0x0000018858845800 Exception <a 'java/lang/NoSuchMethodError'{0x00000000e32101b8}: 'float java.lang.invoke.DirectMethodHandle$Holder.invokeVirtual(java.lang.Object, java.lang.Object)'> (0x00000000e32101b8) thrown at [s\src\hotspot\share\interpreter\linkResolver.cpp, line 773]
Event: 4.425 Thread 0x0000018858845800 Exception <a 'java/lang/NoSuchMethodError'{0x00000000e3218f10}: 'long java.lang.invoke.DirectMethodHandle$Holder.invokeVirtual(java.lang.Object, java.lang.Object)'> (0x00000000e3218f10) thrown at [s\src\hotspot\share\interpreter\linkResolver.cpp, line 773]
Event: 4.539 Thread 0x0000018858845800 Exception <a 'java/lang/NoClassDefFoundError'{0x00000000e2bd15c0}> (0x00000000e2bd15c0) thrown at [s\src\hotspot\share\oops\instanceKlass.cpp, line 1029]
Event: 4.540 Thread 0x0000018858845800 Exception <a 'java/lang/NoClassDefFoundError'{0x00000000e2bf4d30}: org/apache/logging/log4j/spi/ExtendedLoggerWrapper> (0x00000000e2bf4d30) thrown at [s\src\hotspot\share\classfile\systemDictionary.cpp, line 219]
Event: 4.541 Thread 0x0000018858845800 Exception <a 'java/lang/NoClassDefFoundError'{0x00000000e2a16350}: org/apache/log4j/Priority> (0x00000000e2a16350) thrown at [s\src\hotspot\share\classfile\systemDictionary.cpp, line 219]
Event: 4.796 Thread 0x0000018858845800 Exception <a 'sun/nio/fs/WindowsException'{0x00000000e38dbd68}> (0x00000000e38dbd68) thrown at [s\src\hotspot\share\prims\jni.cpp, line 617]
Event: 4.808 Thread 0x0000018858845800 Exception <a 'java/lang/NoSuchMethodError'{0x00000000e38f7d70}: 'int java.lang.invoke.DirectMethodHandle$Holder.invokeStaticInit(java.lang.Object, java.lang.Object, java.lang.Object, java.lang.Object)'> (0x00000000e38f7d70) thrown at [s\src\hotspot\share\interpreter\linkResolver.cpp, line 773]
Event: 4.808 Thread 0x0000018858845800 Exception <a 'java/lang/IncompatibleClassChangeError'{0x00000000e3701808}: Found class java.lang.Object, but interface was expected> (0x00000000e3701808) thrown at [s\src\hotspot\share\interpreter\linkResolver.cpp, line 839]
Event: 5.164 Thread 0x0000018858845800 Exception <a 'java/lang/IncompatibleClassChangeError'{0x00000000e244bce0}: Found class java.lang.Object, but interface was expected> (0x00000000e244bce0) thrown at [s\src\hotspot\share\interpreter\linkResolver.cpp, line 839]
Event: 5.333 Thread 0x0000018858845800 Exception <a 'java/lang/NoSuchMethodError'{0x00000000e1d6c1f0}: 'java.lang.Object java.lang.invoke.Invokers$Holder.linkToTargetMethod(java.lang.Object, int, int, java.lang.Object)'> (0x00000000e1d6c1f0) thrown at [s\src\hotspot\share\interpreter\linkResolver.cpp, line 773]
Event: 5.336 Thread 0x0000018858845800 Exception <a 'java/lang/NoSuchMethodError'{0x00000000e1d6fbe0}: 'void java.lang.invoke.DirectMethodHandle$Holder.invokeStatic(java.lang.Object, java.lang.Object, int)'> (0x00000000e1d6fbe0) thrown at [s\src\hotspot\share\interpreter\linkResolver.cpp, line 773]
Event: 5.420 Thread 0x0000018858845800 Exception <a 'java/lang/NoSuchMethodError'{0x00000000e3bbaf80}: 'int java.lang.invoke.DirectMethodHandle$Holder.invokeSpecialIFC(java.lang.Object, java.lang.Object, java.lang.Object)'> (0x00000000e3bbaf80) thrown at [s\src\hotspot\share\interpreter\linkResolver.cpp, line 773]
Event: 7.870 Thread 0x0000018858845800 Exception <a 'java/lang/NoSuchMethodError'{0x00000000e25fd268}: 'java.lang.Object java.lang.invoke.DirectMethodHandle$Holder.invokeSpecialIFC(java.lang.Object, java.lang.Object, java.lang.Object)'> (0x00000000e25fd268) thrown at [s\src\hotspot\share\interpreter\linkResolver.cpp, line 773]
Event: 8.030 Thread 0x0000018858845800 Exception <a 'java/lang/ClassNotFoundException'{0x00000000e3cd11c8}: sun/util/logging/resources/spi/loggingProvider> (0x00000000e3cd11c8) thrown at [s\src\hotspot\share\classfile\systemDictionary.cpp, line 230]
Event: 11.213 Thread 0x0000018858845800 Implicit null exception at 0x0000018868b16abe to 0x0000018868b175a9
Event: 11.213 Thread 0x0000018858845800 Implicit null exception at 0x0000018868ae382f to 0x0000018868ae389d
Event: 11.264 Thread 0x0000018858845800 Exception <a 'java/lang/NoSuchMethodError'{0x00000000e3758aa0}: 'long java.lang.invoke.DirectMethodHandle$Holder.invokeSpecial(java.lang.Object, java.lang.Object)'> (0x00000000e3758aa0) thrown at [s\src\hotspot\share\interpreter\linkResolver.cpp, line 773]

Events (20 events):
Event: 11.484 Executing VM operation: RevokeBias
Event: 11.485 Executing VM operation: RevokeBias done
Event: 11.485 Executing VM operation: RevokeBias
Event: 11.485 Executing VM operation: RevokeBias done
Event: 11.545 loading class com/codeborne/selenide/CheckResult
Event: 11.545 loading class com/codeborne/selenide/CheckResult done
Event: 11.546 loading class com/codeborne/selenide/CheckResult$Verdict
Event: 11.546 loading class com/codeborne/selenide/CheckResult$Verdict done
Event: 11.546 loading class org/openqa/selenium/net/Urls
Event: 11.546 loading class org/openqa/selenium/net/Urls done
Event: 11.548 Executing VM operation: RevokeBias
Event: 11.549 Executing VM operation: RevokeBias done
Event: 11.569 loading class com/codeborne/selenide/CheckResult
Event: 11.569 loading class com/codeborne/selenide/CheckResult done
Event: 11.569 loading class com/codeborne/selenide/CheckResult
Event: 11.569 loading class com/codeborne/selenide/CheckResult done
Event: 11.572 Executing VM operation: RevokeBias
Event: 11.572 Executing VM operation: RevokeBias done
Event: 11.572 Executing VM operation: RevokeBias
Event: 11.573 Executing VM operation: RevokeBias done


Dynamic libraries:
0x00007ff714930000 - 0x00007ff71493e000 	C:\Program Files\Eclipse Adoptium\jdk-11.0.19.7-hotspot\bin\java.exe
0x00007ffc8d3f0000 - 0x00007ffc8d607000 	C:\WINDOWS\SYSTEM32\ntdll.dll
0x00007ffc8c3c0000 - 0x00007ffc8c484000 	C:\WINDOWS\System32\KERNEL32.DLL
0x00007ffc8ac50000 - 0x00007ffc8aff6000 	C:\WINDOWS\System32\KERNELBASE.dll
0x00007ffc8a8d0000 - 0x00007ffc8a9e1000 	C:\WINDOWS\System32\ucrtbase.dll
0x00007ffc6f320000 - 0x00007ffc6f339000 	C:\Program Files\Eclipse Adoptium\jdk-11.0.19.7-hotspot\bin\VCRUNTIME140.dll
0x00007ffc6f7f0000 - 0x00007ffc6f808000 	C:\Program Files\Eclipse Adoptium\jdk-11.0.19.7-hotspot\bin\jli.dll
0x00007ffc8c670000 - 0x00007ffc8c81d000 	C:\WINDOWS\System32\USER32.dll
0x00007ffc8b000000 - 0x00007ffc8b026000 	C:\WINDOWS\System32\win32u.dll
0x00007ffc8d2d0000 - 0x00007ffc8d2f9000 	C:\WINDOWS\System32\GDI32.dll
0x00007ffc8b030000 - 0x00007ffc8b148000 	C:\WINDOWS\System32\gdi32full.dll
0x00007ffc73d00000 - 0x00007ffc73f93000 	C:\WINDOWS\WinSxS\amd64_microsoft.windows.common-controls_6595b64144ccf1df_6.0.22621.2361_none_2712ced57382f843\COMCTL32.dll
0x00007ffc8a830000 - 0x00007ffc8a8ca000 	C:\WINDOWS\System32\msvcp_win.dll
0x00007ffc8c490000 - 0x00007ffc8c537000 	C:\WINDOWS\System32\msvcrt.dll
0x00007ffc8d200000 - 0x00007ffc8d231000 	C:\WINDOWS\System32\IMM32.DLL
0x00007ffc79480000 - 0x00007ffc7948c000 	C:\Program Files\Eclipse Adoptium\jdk-11.0.19.7-hotspot\bin\vcruntime140_1.dll
0x00007ffc5bdc0000 - 0x00007ffc5be51000 	C:\Program Files\Eclipse Adoptium\jdk-11.0.19.7-hotspot\bin\msvcp140.dll
0x00007ffc47400000 - 0x00007ffc47fbc000 	C:\Program Files\Eclipse Adoptium\jdk-11.0.19.7-hotspot\bin\server\jvm.dll
0x00007ffc8c540000 - 0x00007ffc8c5f0000 	C:\WINDOWS\System32\ADVAPI32.dll
0x00007ffc8c200000 - 0x00007ffc8c2a6000 	C:\WINDOWS\System32\sechost.dll
0x00007ffc8b1b0000 - 0x00007ffc8b2c7000 	C:\WINDOWS\System32\RPCRT4.dll
0x00007ffc8d2c0000 - 0x00007ffc8d2c8000 	C:\WINDOWS\System32\PSAPI.DLL
0x00007ffc7e760000 - 0x00007ffc7e76a000 	C:\WINDOWS\SYSTEM32\VERSION.dll
0x00007ffc80cd0000 - 0x00007ffc80cd9000 	C:\WINDOWS\SYSTEM32\WSOCK32.dll
0x00007ffc804b0000 - 0x00007ffc804e4000 	C:\WINDOWS\SYSTEM32\WINMM.dll
0x00007ffc8d240000 - 0x00007ffc8d2b1000 	C:\WINDOWS\System32\WS2_32.dll
0x00007ffc897b0000 - 0x00007ffc897c8000 	C:\WINDOWS\SYSTEM32\kernel.appcore.dll
0x00007ffc79220000 - 0x00007ffc79230000 	C:\Program Files\Eclipse Adoptium\jdk-11.0.19.7-hotspot\bin\verify.dll
0x00007ffc87fc0000 - 0x00007ffc881ee000 	C:\WINDOWS\SYSTEM32\DBGHELP.DLL
0x00007ffc8be70000 - 0x00007ffc8c1fa000 	C:\WINDOWS\System32\combase.dll
0x00007ffc8c920000 - 0x00007ffc8c9f7000 	C:\WINDOWS\System32\OLEAUT32.dll
0x00007ffc6f420000 - 0x00007ffc6f452000 	C:\WINDOWS\SYSTEM32\dbgcore.DLL
0x00007ffc8abd0000 - 0x00007ffc8ac4a000 	C:\WINDOWS\System32\bcryptPrimitives.dll
0x00007ffc732f0000 - 0x00007ffc73318000 	C:\Program Files\Eclipse Adoptium\jdk-11.0.19.7-hotspot\bin\java.dll
0x00007ffc78ed0000 - 0x00007ffc78eda000 	C:\Program Files\Eclipse Adoptium\jdk-11.0.19.7-hotspot\bin\jimage.dll
0x00007ffc71b60000 - 0x00007ffc71b78000 	C:\Program Files\Eclipse Adoptium\jdk-11.0.19.7-hotspot\bin\zip.dll
0x00007ffc8b470000 - 0x00007ffc8bcc8000 	C:\WINDOWS\System32\SHELL32.dll
0x00007ffc88680000 - 0x00007ffc88f72000 	C:\WINDOWS\SYSTEM32\windows.storage.dll
0x00007ffc88540000 - 0x00007ffc8867e000 	C:\WINDOWS\SYSTEM32\wintypes.dll
0x00007ffc8c2b0000 - 0x00007ffc8c3a3000 	C:\WINDOWS\System32\SHCORE.dll
0x00007ffc8b150000 - 0x00007ffc8b1ae000 	C:\WINDOWS\System32\shlwapi.dll
0x00007ffc8a6a0000 - 0x00007ffc8a6c6000 	C:\WINDOWS\SYSTEM32\profapi.dll
0x00007ffc78e30000 - 0x00007ffc78e49000 	C:\Program Files\Eclipse Adoptium\jdk-11.0.19.7-hotspot\bin\net.dll
0x00007ffc81110000 - 0x00007ffc81247000 	C:\WINDOWS\SYSTEM32\WINHTTP.dll
0x00007ffc89c30000 - 0x00007ffc89c99000 	C:\WINDOWS\system32\mswsock.dll
0x00007ffc69630000 - 0x00007ffc69643000 	C:\Program Files\Eclipse Adoptium\jdk-11.0.19.7-hotspot\bin\nio.dll
0x00007ffc89e80000 - 0x00007ffc89e9b000 	C:\WINDOWS\SYSTEM32\CRYPTSP.dll
0x00007ffc89710000 - 0x00007ffc89745000 	C:\WINDOWS\system32\rsaenh.dll
0x00007ffc89d20000 - 0x00007ffc89d4c000 	C:\WINDOWS\SYSTEM32\USERENV.dll
0x00007ffc8a0b0000 - 0x00007ffc8a0d8000 	C:\WINDOWS\SYSTEM32\bcrypt.dll
0x00007ffc89ea0000 - 0x00007ffc89eac000 	C:\WINDOWS\SYSTEM32\CRYPTBASE.dll
0x00007ffc891e0000 - 0x00007ffc8920d000 	C:\WINDOWS\SYSTEM32\IPHLPAPI.DLL
0x00007ffc8be40000 - 0x00007ffc8be49000 	C:\WINDOWS\System32\NSI.dll
0x00007ffc7fd90000 - 0x00007ffc7fda9000 	C:\WINDOWS\SYSTEM32\dhcpcsvc6.DLL
0x00007ffc7fd70000 - 0x00007ffc7fd8f000 	C:\WINDOWS\SYSTEM32\dhcpcsvc.DLL
0x00007ffc89250000 - 0x00007ffc89349000 	C:\WINDOWS\SYSTEM32\DNSAPI.dll
0x00007ffc80500000 - 0x00007ffc80517000 	C:\WINDOWS\system32\napinsp.dll
0x00007ffc7c4c0000 - 0x00007ffc7c4db000 	C:\WINDOWS\system32\pnrpnsp.dll
0x00007ffc79ee0000 - 0x00007ffc79ef1000 	C:\WINDOWS\System32\winrnr.dll
0x00007ffc7f230000 - 0x00007ffc7f245000 	C:\WINDOWS\system32\wshbth.dll
0x00007ffc2a060000 - 0x00007ffc2a081000 	C:\WINDOWS\system32\nlansp_c.dll
0x00007ffc7edf0000 - 0x00007ffc7edfa000 	C:\Windows\System32\rasadhlp.dll
0x00007ffc7f080000 - 0x00007ffc7f104000 	C:\WINDOWS\System32\fwpuclnt.dll
0x00007ffc70290000 - 0x00007ffc70299000 	C:\Program Files\Eclipse Adoptium\jdk-11.0.19.7-hotspot\bin\management.dll
0x00007ffc6f770000 - 0x00007ffc6f77b000 	C:\Program Files\Eclipse Adoptium\jdk-11.0.19.7-hotspot\bin\management_ext.dll
0x00007ffc875f0000 - 0x00007ffc87687000 	C:\WINDOWS\system32\apphelp.dll
0x00007ffc5eff0000 - 0x00007ffc5f017000 	C:\Program Files\Eclipse Adoptium\jdk-11.0.19.7-hotspot\bin\sunec.dll

dbghelp: loaded successfully - version: 4.0.5 - missing functions: none
symbol engine: initialized successfully - sym options: 0x614 - pdb path: .;C:\Program Files\Eclipse Adoptium\jdk-11.0.19.7-hotspot\bin;C:\WINDOWS\SYSTEM32;C:\WINDOWS\WinSxS\amd64_microsoft.windows.common-controls_6595b64144ccf1df_6.0.22621.2361_none_2712ced57382f843;C:\Program Files\Eclipse Adoptium\jdk-11.0.19.7-hotspot\bin\server

VM Arguments:
jvm_args: -Dorg.gradle.internal.worker.tmpdir=C:\Users\idusv\Desktop\Netology\5_CouseProject\QAMID-66_Vemant_CourseProject\build\tmp\test\work -Dorg.gradle.native=false -Dselenide.headless -Xmx512m -Dfile.encoding=windows-1251 -Duser.country=RU -Duser.language=ru -Duser.variant -ea 
java_command: worker.org.gradle.process.internal.worker.GradleWorkerMain 'Gradle Test Executor 53'
java_class_path (initial): C:\\Users\\idusv\\.gradle\\caches\\7.6\\workerMain\\gradle-worker.jar;C:\\Users\\idusv\\Desktop\\Netology\\5_CouseProject\\QAMID-66_Vemant_CourseProject\\build\\classes\\java\\test;C:\\Users\\idusv\\Desktop\\Netology\\5_CouseProject\\QAMID-66_Vemant_CourseProject\\build\\classes\\java\\main;C:\\Users\\idusv\\.gradle\\caches\\modules-2\\files-2.1\\org.junit.jupiter\\junit-jupiter-params\\5.9.1\\ffcd1013edaeee112be11fcddeb38882d79238de\\junit-jupiter-params-5.9.1.jar;C:\\Users\\idusv\\.gradle\\caches\\modules-2\\files-2.1\\org.junit.jupiter\\junit-jupiter-engine\\5.9.1\\1bf771097bde296c3ab174861954e8aafaaf2e94\\junit-jupiter-engine-5.9.1.jar;C:\\Users\\idusv\\.gradle\\caches\\modules-2\\files-2.1\\org.junit.jupiter\\junit-jupiter-api\\5.9.1\\7bb53fbc0173e9f6a9d21d58297af94b1f2f9ce1\\junit-jupiter-api-5.9.1.jar;C:\\Users\\idusv\\.gradle\\caches\\modules-2\\files-2.1\\org.junit.platform\\junit-platform-engine\\1.9.1\\83591e5089d6cea5f324aa3ecca9b19d5a275803\\junit-platform-engine-1.9.1.jar;C:\\Users\\idusv\\.gradle\\caches\\modules-2\\files-2.1\\org.junit.platform\\junit-platform-commons\\1.9.1\\3145f821b5cd10abcdc5f925baa5fffa6f1b628f\\junit-platform-commons-1.9.1.jar;C:\\Users\\idusv\\.gradle\\caches\\modules-2\\files-2.1\\org.junit.jupiter\\junit-jupiter\\5.9.1\\9274d3757e224bc02eae367bd481062a263c150b\\junit-jupiter-5.9.1.jar;C:\\Users\\idusv\\.gradle\\caches\\modules-2\\files-2.1\\com.codeborne\\selenide\\6.17.1\\d8e030ea78ec000b52dbdf2e41085877870bdd81\\selenide-6.17.1.jar;C:\\Users\\idusv\\.gradle\\caches\\modules-2\\files-2.1\\org.slf4j\\slf4j-simple\\1.7.32\\321ffafb5123a91a71737dbff38ebe273e771e5b\\slf4j-simple-1.7.32.jar;C:\\Users\\idusv\\.gradle\\caches\\modules-2\\files-2.1\\com.codeborne\\selenide-core\\6.17.1\\5a744d4d36e4cb1e099a9f33114869f9ce7c40d7\\selenide-core-6.17.1.jar;C:\\Users\\idusv\\.gradle\\caches\\modules-2\\files-2.1\\org.seleniumhq.selenium\\selenium-java\\4.11.0\\18cef0adbc08d152da07b234a04f6e8240ce215f\\seleni
Launcher Type: SUN_STANDARD

[Global flags]
     intx CICompilerCount                          = 3                                         {product} {ergonomic}
     uint ConcGCThreads                            = 1                                         {product} {ergonomic}
     uint G1ConcRefinementThreads                  = 4                                         {product} {ergonomic}
   size_t G1HeapRegionSize                         = 1048576                                   {product} {ergonomic}
    uintx GCDrainStackTargetSize                   = 64                                        {product} {ergonomic}
   size_t InitialHeapSize                          = 65011712                                  {product} {ergonomic}
   size_t MarkStackSize                            = 4194304                                   {product} {ergonomic}
   size_t MaxHeapSize                              = 536870912                                 {product} {command line}
   size_t MaxNewSize                               = 321912832                                 {product} {ergonomic}
   size_t MinHeapDeltaBytes                        = 1048576                                   {product} {ergonomic}
    uintx NonNMethodCodeHeapSize                   = 5830732                                {pd product} {ergonomic}
    uintx NonProfiledCodeHeapSize                  = 122913754                              {pd product} {ergonomic}
    uintx ProfiledCodeHeapSize                     = 122913754                              {pd product} {ergonomic}
    uintx ReservedCodeCacheSize                    = 251658240                              {pd product} {ergonomic}
     bool SegmentedCodeCache                       = true                                      {product} {ergonomic}
     bool UseCompressedClassPointers               = true                                 {lp64_product} {ergonomic}
     bool UseCompressedOops                        = true                                 {lp64_product} {ergonomic}
     bool UseG1GC                                  = true                                      {product} {ergonomic}
     bool UseLargePagesIndividualAllocation        = false                                  {pd product} {ergonomic}

Logging:
Log output configuration:
 #0: stdout all=warning uptime,level,tags
 #1: stderr all=off uptime,level,tags

Environment Variables:
PATH=C:\Program Files\Eclipse Adoptium\jdk-11.0.19.7-hotspot\bin;C:\WINDOWS\system32;C:\WINDOWS;C:\WINDOWS\System32\Wbem;C:\WINDOWS\System32\WindowsPowerShell\v1.0\;C:\WINDOWS\System32\OpenSSH\;C:\Program Files\dotnet\;C:\Program Files\Git\cmd;C:\Program Files\Docker\Docker\resources\bin;C:\WINDOWS\system32;C:\WINDOWS;C:\WINDOWS\System32\Wbem;C:\WINDOWS\System32\WindowsPowerShell\v1.0\;C:\WINDOWS\System32\OpenSSH\;C:\Users\idusv\AppData\Local\Microsoft\WindowsApps;
USERNAME=idusv
OS=Windows_NT
PROCESSOR_IDENTIFIER=Intel64 Family 6 Model 142 Stepping 12, GenuineIntel
TMP=C:\Users\idusv\AppData\Local\Temp
TEMP=C:\Users\idusv\AppData\Local\Temp



---------------  S Y S T E M  ---------------

OS: Windows 11 , 64 bit Build 22621 (10.0.22621.2428)
OS uptime: 1 days 5:05 hours
Hyper-V role detected

CPU:total 4 (initial active 4) (2 cores per cpu, 2 threads per core) family 6 model 142 stepping 12 microcode 0xde, cmov, cx8, fxsr, mmx, sse, sse2, sse3, ssse3, sse4.1, sse4.2, popcnt, avx, avx2, aes, clmul, erms, 3dnowpref, lzcnt, ht, tsc, tscinvbit, bmi1, bmi2, adx, fma

Memory: 4k page, system-wide physical 3851M (105M free)
TotalPageFile size 15627M (AvailPageFile size 5M)
current process WorkingSet (physical memory assigned to process): 167M, peak: 170M
current process commit charge ("private bytes"): 212M, peak: 214M

vm_info: OpenJDK 64-Bit Server VM (11.0.19+7) for windows-amd64 JRE (11.0.19+7), built on Apr 18 2023 23:12:18 by "" with MS VC++ 16.7 (VS2019)

END.
