#
# There is insufficient memory for the Java Runtime Environment to continue.
# Native memory allocation (malloc) failed to allocate 1687216 bytes for Chunk::new
# Possible reasons:
#   The system is out of physical RAM or swap space
#   The process is running with CompressedOops enabled, and the Java Heap may be blocking the growth of the native heap
# Possible solutions:
#   Reduce memory load on the system
#   Increase physical memory or swap space
#   Check if swap backing store is full
#   Decrease Java heap size (-Xmx/-Xms)
#   Decrease number of Java threads
#   Decrease Java thread stack sizes (-Xss)
#   Set larger code cache with -XX:ReservedCodeCacheSize=
#   JVM is running with Unscaled Compressed Oops mode in which the Java heap is
#     placed in the first 4GB address space. The Java Heap base address is the
#     maximum limit for the native heap growth. Please use -XX:HeapBaseMinAddress
#     to set the Java Heap base and to place the Java Heap above 4GB virtual address.
# This output file may be truncated or incomplete.
#
#  Out of Memory Error (arena.cpp:197), pid=8932, tid=9272
#
# JRE version: OpenJDK Runtime Environment Temurin-11.0.19+7 (11.0.19+7) (build 11.0.19+7)
# Java VM: OpenJDK 64-Bit Server VM Temurin-11.0.19+7 (11.0.19+7, mixed mode, tiered, compressed oops, g1 gc, windows-amd64)
# No core dump will be written. Minidumps are not enabled by default on client versions of Windows
#

---------------  S U M M A R Y ------------

Command Line: -Dorg.gradle.internal.worker.tmpdir=C:\Users\idusv\Desktop\Netology\5_CouseProject\QAMID-66_Vemant_CourseProject\build\tmp\test\work -Dorg.gradle.native=false -Dselenide.headless -Xmx512m -Dfile.encoding=windows-1251 -Duser.country=RU -Duser.language=ru -Duser.variant -ea worker.org.gradle.process.internal.worker.GradleWorkerMain 'Gradle Test Executor 51'

Host: Intel(R) Core(TM) i3-10110U CPU @ 2.10GHz, 4 cores, 3G,  Windows 11 , 64 bit Build 22621 (10.0.22621.2428)
Time: Mon Nov  6 22:18:52 2023 RTZ 2 (s 11 , 64 bit Build 22621 (10.0.22621.2428) elapsed time: 13.959956 seconds (0d 0h 0m 13s)

---------------  T H R E A D  ---------------

Current thread (0x0000027cf8e9a800):  JavaThread "C2 CompilerThread1" daemon [_thread_in_native, id=9272, stack(0x000000cdb2900000,0x000000cdb2a00000)]


Current CompileTask:
C2:  13960 2520   !   4       jdk.internal.loader.BuiltinClassLoader::loadClassOrNull (143 bytes)

Stack: [0x000000cdb2900000,0x000000cdb2a00000]
Native frames: (J=compiled Java code, j=interpreted, Vv=VM code, C=native code)
V  [jvm.dll+0x64fb5a]
V  [jvm.dll+0x7e3549]
V  [jvm.dll+0x7e4c49]
V  [jvm.dll+0x7e5333]
V  [jvm.dll+0x26afd5]
V  [jvm.dll+0xc1a5c]
V  [jvm.dll+0xc200c]
V  [jvm.dll+0x37b337]
V  [jvm.dll+0x1b37c2]
V  [jvm.dll+0x222ecf]
V  [jvm.dll+0x221d88]
V  [jvm.dll+0x19e6c1]
V  [jvm.dll+0x231f59]
V  [jvm.dll+0x2300af]
V  [jvm.dll+0x7a48d0]
V  [jvm.dll+0x79d6e4]
V  [jvm.dll+0x64e915]
C  [ucrtbase.dll+0x29363]
C  [KERNEL32.DLL+0x1257d]
C  [ntdll.dll+0x5aa78]


---------------  P R O C E S S  ---------------

Threads class SMR info:
_java_thread_list=0x0000027cf7828740, length=26, elements={
0x0000027ce9267000, 0x0000027cf51a9800, 0x0000027cf51ab000, 0x0000027cf51f8800,
0x0000027cf51fa000, 0x0000027cf51fb800, 0x0000027cf51fe800, 0x0000027cf5205000,
0x0000027cf520b800, 0x0000027cf5cae800, 0x0000027cf6526800, 0x0000027cf65f0800,
0x0000027cf65f4000, 0x0000027cf75e2800, 0x0000027cf7383800, 0x0000027cf7209800,
0x0000027cf5c01000, 0x0000027cf6162000, 0x0000027cf7246000, 0x0000027cf7247000,
0x0000027cf72d2800, 0x0000027cf72d3000, 0x0000027cf72d0000, 0x0000027cf72ce800,
0x0000027cf72d1800, 0x0000027cf8e9a800
}

Java Threads: ( => current thread )
  0x0000027ce9267000 JavaThread "Forwarding findElement on session ff5db75852d2229d1cf07f08ef9afcbd to remote" [_thread_blocked, id=15036, stack(0x000000cdb0900000,0x000000cdb0a00000)]
  0x0000027cf51a9800 JavaThread "Reference Handler" daemon [_thread_blocked, id=2284, stack(0x000000cdb1000000,0x000000cdb1100000)]
  0x0000027cf51ab000 JavaThread "Finalizer" daemon [_thread_blocked, id=2104, stack(0x000000cdb1100000,0x000000cdb1200000)]
  0x0000027cf51f8800 JavaThread "Signal Dispatcher" daemon [_thread_blocked, id=2428, stack(0x000000cdb1200000,0x000000cdb1300000)]
  0x0000027cf51fa000 JavaThread "Attach Listener" daemon [_thread_blocked, id=7796, stack(0x000000cdb1300000,0x000000cdb1400000)]
  0x0000027cf51fb800 JavaThread "Service Thread" daemon [_thread_blocked, id=14768, stack(0x000000cdb1400000,0x000000cdb1500000)]
  0x0000027cf51fe800 JavaThread "C2 CompilerThread0" daemon [_thread_blocked, id=9128, stack(0x000000cdb1500000,0x000000cdb1600000)]
  0x0000027cf5205000 JavaThread "C1 CompilerThread0" daemon [_thread_blocked, id=14576, stack(0x000000cdb1600000,0x000000cdb1700000)]
  0x0000027cf520b800 JavaThread "Sweeper thread" daemon [_thread_blocked, id=6024, stack(0x000000cdb1700000,0x000000cdb1800000)]
  0x0000027cf5cae800 JavaThread "Common-Cleaner" daemon [_thread_blocked, id=12796, stack(0x000000cdb1900000,0x000000cdb1a00000)]
  0x0000027cf6526800 JavaThread "/127.0.0.1:58219 to /127.0.0.1:58218 workers" [_thread_blocked, id=14280, stack(0x000000cdb1c00000,0x000000cdb1d00000)]
  0x0000027cf65f0800 JavaThread "/127.0.0.1:58219 to /127.0.0.1:58218 workers Thread 2" [_thread_blocked, id=10892, stack(0x000000cdb1d00000,0x000000cdb1e00000)]
  0x0000027cf65f4000 JavaThread "/127.0.0.1:58219 to /127.0.0.1:58218 workers Thread 3" [_thread_in_native, id=15204, stack(0x000000cdb1e00000,0x000000cdb1f00000)]
  0x0000027cf75e2800 JavaThread "ForkJoinPool.commonPool-worker-3" daemon [_thread_blocked, id=9576, stack(0x000000cdb2100000,0x000000cdb2200000)]
  0x0000027cf7383800 JavaThread "AsyncHttpClient-1-1" daemon [_thread_blocked, id=14804, stack(0x000000cdb2200000,0x000000cdb2300000)]
  0x0000027cf7209800 JavaThread "Exec Default Executor" daemon [_thread_in_native, id=7576, stack(0x000000cdb2300000,0x000000cdb2400000)]
  0x0000027cf5c01000 JavaThread "Exec Stream Pumper" daemon [_thread_in_native, id=8864, stack(0x000000cdb2400000,0x000000cdb2500000)]
  0x0000027cf6162000 JavaThread "Exec Stream Pumper" daemon [_thread_in_native, id=10252, stack(0x000000cdb2500000,0x000000cdb2600000)]
  0x0000027cf7246000 JavaThread "Driver Service Executor" daemon [_thread_blocked, id=14704, stack(0x000000cdb2600000,0x000000cdb2700000)]
  0x0000027cf7247000 JavaThread "Driver Service Executor" daemon [_thread_blocked, id=7520, stack(0x000000cdb2700000,0x000000cdb2800000)]
  0x0000027cf72d2800 JavaThread "UrlChecker-2" daemon [_thread_blocked, id=6328, stack(0x000000cdb2800000,0x000000cdb2900000)]
  0x0000027cf72d3000 JavaThread "AsyncHttpClient-1-2" daemon [_thread_in_native, id=5700, stack(0x000000cdb2b00000,0x000000cdb2c00000)]
  0x0000027cf72d0000 JavaThread "AsyncHttpClient-1-3" daemon [_thread_in_native, id=9236, stack(0x000000cdb2a00000,0x000000cdb2b00000)]
  0x0000027cf72ce800 JavaThread "AsyncHttpClient-1-4" daemon [_thread_in_native, id=2552, stack(0x000000cdb2c00000,0x000000cdb2d00000)]
  0x0000027cf72d1800 JavaThread "Dead threads watchdog" daemon [_thread_blocked, id=12136, stack(0x000000cdb2d00000,0x000000cdb2e00000)]
=>0x0000027cf8e9a800 JavaThread "C2 CompilerThread1" daemon [_thread_in_native, id=9272, stack(0x000000cdb2900000,0x000000cdb2a00000)]

Other Threads:
  0x0000027cf5193800 VMThread "VM Thread" [stack: 0x000000cdb0f00000,0x000000cdb1000000] [id=15020]
  0x0000027cf5ca8000 WatcherThread [stack: 0x000000cdb1800000,0x000000cdb1900000] [id=11012]
  0x0000027ce9280000 GCTaskThread "GC Thread#0" [stack: 0x000000cdb0a00000,0x000000cdb0b00000] [id=2748]
  0x0000027cf634a000 GCTaskThread "GC Thread#1" [stack: 0x000000cdb1b00000,0x000000cdb1c00000] [id=7916]
  0x0000027cf672b800 GCTaskThread "GC Thread#2" [stack: 0x000000cdb1f00000,0x000000cdb2000000] [id=13172]
  0x0000027cf672c800 GCTaskThread "GC Thread#3" [stack: 0x000000cdb2000000,0x000000cdb2100000] [id=11696]
  0x0000027ce9292000 ConcurrentGCThread "G1 Main Marker" [stack: 0x000000cdb0b00000,0x000000cdb0c00000] [id=6864]
  0x0000027ce9294000 ConcurrentGCThread "G1 Conc#0" [stack: 0x000000cdb0c00000,0x000000cdb0d00000] [id=15136]
  0x0000027ce92e9800 ConcurrentGCThread "G1 Refine#0" [stack: 0x000000cdb0d00000,0x000000cdb0e00000] [id=14600]
  0x0000027ce92eb000 ConcurrentGCThread "G1 Young RemSet Sampling" [stack: 0x000000cdb0e00000,0x000000cdb0f00000] [id=9376]

Threads with active compile tasks:
C2 CompilerThread1    13985 2520   !   4       jdk.internal.loader.BuiltinClassLoader::loadClassOrNull (143 bytes)

VM state:not at safepoint (normal execution)

VM Mutex/Monitor currently owned by a thread: None

Heap address: 0x00000000e0000000, size: 512 MB, Compressed Oops mode: 32-bit
Narrow klass base: 0x0000000000000000, Narrow klass shift: 3
Compressed class space size: 1073741824 Address: 0x0000000100000000

Heap:
 garbage-first heap   total 63488K, used 31868K [0x00000000e0000000, 0x0000000100000000)
  region size 1024K, 20 young (20480K), 4 survivors (4096K)
 Metaspace       used 32507K, capacity 33649K, committed 33712K, reserved 1079296K
  class space    used 3873K, capacity 4330K, committed 4352K, reserved 1048576K
Heap Regions: E=young(eden), S=young(survivor), O=old, HS=humongous(starts), HC=humongous(continues), CS=collection set, F=free, A=archive, TAMS=top-at-mark-start (previous, next)
|   0|0x00000000e0000000, 0x00000000e0100000, 0x00000000e0100000|100%| O|  |TAMS 0x00000000e0100000, 0x00000000e0000000| Untracked 
|   1|0x00000000e0100000, 0x00000000e0200000, 0x00000000e0200000|100%| O|  |TAMS 0x00000000e0200000, 0x00000000e0100000| Untracked 
|   2|0x00000000e0200000, 0x00000000e0300000, 0x00000000e0300000|100%| O|  |TAMS 0x00000000e0300000, 0x00000000e0200000| Untracked 
|   3|0x00000000e0300000, 0x00000000e0400000, 0x00000000e0400000|100%| O|  |TAMS 0x00000000e0400000, 0x00000000e0300000| Untracked 
|   4|0x00000000e0400000, 0x00000000e0500000, 0x00000000e0500000|100%| O|  |TAMS 0x00000000e0500000, 0x00000000e0400000| Untracked 
|   5|0x00000000e0500000, 0x00000000e0600000, 0x00000000e0600000|100%| O|  |TAMS 0x00000000e057ca00, 0x00000000e0500000| Untracked 
|   6|0x00000000e0600000, 0x00000000e0700000, 0x00000000e0700000|100%|HS|  |TAMS 0x00000000e0600000, 0x00000000e0600000| Complete 
|   7|0x00000000e0700000, 0x00000000e0800000, 0x00000000e0800000|100%|HC|  |TAMS 0x00000000e0700000, 0x00000000e0700000| Complete 
|   8|0x00000000e0800000, 0x00000000e0900000, 0x00000000e0900000|100%|HC|  |TAMS 0x00000000e0800000, 0x00000000e0800000| Complete 
|   9|0x00000000e0900000, 0x00000000e0a00000, 0x00000000e0a00000|100%|HC|  |TAMS 0x00000000e0900000, 0x00000000e0900000| Complete 
|  10|0x00000000e0a00000, 0x00000000e0b00000, 0x00000000e0b00000|100%|HC|  |TAMS 0x00000000e0a00000, 0x00000000e0a00000| Complete 
|  11|0x00000000e0b00000, 0x00000000e0c00000, 0x00000000e0c00000|100%| O|  |TAMS 0x00000000e0b00000, 0x00000000e0b00000| Untracked 
|  12|0x00000000e0c00000, 0x00000000e0c9a400, 0x00000000e0d00000| 60%| O|  |TAMS 0x00000000e0c00000, 0x00000000e0c00000| Untracked 
|  13|0x00000000e0d00000, 0x00000000e0d00000, 0x00000000e0e00000|  0%| F|  |TAMS 0x00000000e0d00000, 0x00000000e0d00000| Untracked 
|  14|0x00000000e0e00000, 0x00000000e0e00000, 0x00000000e0f00000|  0%| F|  |TAMS 0x00000000e0e00000, 0x00000000e0e00000| Untracked 
|  15|0x00000000e0f00000, 0x00000000e0f00000, 0x00000000e1000000|  0%| F|  |TAMS 0x00000000e0f00000, 0x00000000e0f00000| Untracked 
|  16|0x00000000e1000000, 0x00000000e1000000, 0x00000000e1100000|  0%| F|  |TAMS 0x00000000e1000000, 0x00000000e1000000| Untracked 
|  17|0x00000000e1100000, 0x00000000e1100000, 0x00000000e1200000|  0%| F|  |TAMS 0x00000000e1100000, 0x00000000e1100000| Untracked 
|  18|0x00000000e1200000, 0x00000000e1200000, 0x00000000e1300000|  0%| F|  |TAMS 0x00000000e1200000, 0x00000000e1200000| Untracked 
|  19|0x00000000e1300000, 0x00000000e1300000, 0x00000000e1400000|  0%| F|  |TAMS 0x00000000e1300000, 0x00000000e1300000| Untracked 
|  20|0x00000000e1400000, 0x00000000e1400000, 0x00000000e1500000|  0%| F|  |TAMS 0x00000000e1400000, 0x00000000e1400000| Untracked 
|  21|0x00000000e1500000, 0x00000000e1500000, 0x00000000e1600000|  0%| F|  |TAMS 0x00000000e1500000, 0x00000000e1500000| Untracked 
|  22|0x00000000e1600000, 0x00000000e1600000, 0x00000000e1700000|  0%| F|  |TAMS 0x00000000e1600000, 0x00000000e1600000| Untracked 
|  23|0x00000000e1700000, 0x00000000e1700000, 0x00000000e1800000|  0%| F|  |TAMS 0x00000000e1700000, 0x00000000e1700000| Untracked 
|  24|0x00000000e1800000, 0x00000000e1800000, 0x00000000e1900000|  0%| F|  |TAMS 0x00000000e1800000, 0x00000000e1800000| Untracked 
|  25|0x00000000e1900000, 0x00000000e1984f18, 0x00000000e1a00000| 51%| S|CS|TAMS 0x00000000e1900000, 0x00000000e1900000| Complete 
|  26|0x00000000e1a00000, 0x00000000e1b00000, 0x00000000e1b00000|100%| S|CS|TAMS 0x00000000e1a00000, 0x00000000e1a00000| Complete 
|  27|0x00000000e1b00000, 0x00000000e1c00000, 0x00000000e1c00000|100%| S|CS|TAMS 0x00000000e1b00000, 0x00000000e1b00000| Complete 
|  28|0x00000000e1c00000, 0x00000000e1d00000, 0x00000000e1d00000|100%| S|CS|TAMS 0x00000000e1c00000, 0x00000000e1c00000| Complete 
|  29|0x00000000e1d00000, 0x00000000e1d00000, 0x00000000e1e00000|  0%| F|  |TAMS 0x00000000e1d00000, 0x00000000e1d00000| Untracked 
|  30|0x00000000e1e00000, 0x00000000e1e00000, 0x00000000e1f00000|  0%| F|  |TAMS 0x00000000e1e00000, 0x00000000e1e00000| Untracked 
|  31|0x00000000e1f00000, 0x00000000e1f00000, 0x00000000e2000000|  0%| F|  |TAMS 0x00000000e1f00000, 0x00000000e1f00000| Untracked 
|  32|0x00000000e2000000, 0x00000000e2000000, 0x00000000e2100000|  0%| F|  |TAMS 0x00000000e2000000, 0x00000000e2000000| Untracked 
|  33|0x00000000e2100000, 0x00000000e2100000, 0x00000000e2200000|  0%| F|  |TAMS 0x00000000e2100000, 0x00000000e2100000| Untracked 
|  34|0x00000000e2200000, 0x00000000e2200000, 0x00000000e2300000|  0%| F|  |TAMS 0x00000000e2200000, 0x00000000e2200000| Untracked 
|  35|0x00000000e2300000, 0x00000000e2300000, 0x00000000e2400000|  0%| F|  |TAMS 0x00000000e2300000, 0x00000000e2300000| Untracked 
|  36|0x00000000e2400000, 0x00000000e2400000, 0x00000000e2500000|  0%| F|  |TAMS 0x00000000e2400000, 0x00000000e2400000| Untracked 
|  37|0x00000000e2500000, 0x00000000e2500000, 0x00000000e2600000|  0%| F|  |TAMS 0x00000000e2500000, 0x00000000e2500000| Untracked 
|  38|0x00000000e2600000, 0x00000000e2600000, 0x00000000e2700000|  0%| F|  |TAMS 0x00000000e2600000, 0x00000000e2600000| Untracked 
|  39|0x00000000e2700000, 0x00000000e2700000, 0x00000000e2800000|  0%| F|  |TAMS 0x00000000e2700000, 0x00000000e2700000| Untracked 
|  40|0x00000000e2800000, 0x00000000e2800000, 0x00000000e2900000|  0%| F|  |TAMS 0x00000000e2800000, 0x00000000e2800000| Untracked 
|  41|0x00000000e2900000, 0x00000000e2900000, 0x00000000e2a00000|  0%| F|  |TAMS 0x00000000e2900000, 0x00000000e2900000| Untracked 
|  42|0x00000000e2a00000, 0x00000000e2a00000, 0x00000000e2b00000|  0%| F|  |TAMS 0x00000000e2a00000, 0x00000000e2a00000| Untracked 
|  43|0x00000000e2b00000, 0x00000000e2b00000, 0x00000000e2c00000|  0%| F|  |TAMS 0x00000000e2b00000, 0x00000000e2b00000| Untracked 
|  44|0x00000000e2c00000, 0x00000000e2c00000, 0x00000000e2d00000|  0%| F|  |TAMS 0x00000000e2c00000, 0x00000000e2c00000| Untracked 
|  45|0x00000000e2d00000, 0x00000000e2d00000, 0x00000000e2e00000|  0%| F|  |TAMS 0x00000000e2d00000, 0x00000000e2d00000| Untracked 
|  46|0x00000000e2e00000, 0x00000000e2f00000, 0x00000000e2f00000|100%| E|  |TAMS 0x00000000e2e00000, 0x00000000e2e00000| Complete 
|  47|0x00000000e2f00000, 0x00000000e3000000, 0x00000000e3000000|100%| E|CS|TAMS 0x00000000e2f00000, 0x00000000e2f00000| Complete 
|  48|0x00000000e3000000, 0x00000000e3100000, 0x00000000e3100000|100%| E|CS|TAMS 0x00000000e3000000, 0x00000000e3000000| Complete 
|  49|0x00000000e3100000, 0x00000000e3200000, 0x00000000e3200000|100%| E|CS|TAMS 0x00000000e3100000, 0x00000000e3100000| Complete 
|  50|0x00000000e3200000, 0x00000000e3300000, 0x00000000e3300000|100%| E|CS|TAMS 0x00000000e3200000, 0x00000000e3200000| Complete 
|  51|0x00000000e3300000, 0x00000000e3400000, 0x00000000e3400000|100%| E|CS|TAMS 0x00000000e3300000, 0x00000000e3300000| Complete 
|  52|0x00000000e3400000, 0x00000000e3500000, 0x00000000e3500000|100%| E|CS|TAMS 0x00000000e3400000, 0x00000000e3400000| Complete 
|  53|0x00000000e3500000, 0x00000000e3600000, 0x00000000e3600000|100%| E|CS|TAMS 0x00000000e3500000, 0x00000000e3500000| Complete 
|  54|0x00000000e3600000, 0x00000000e3700000, 0x00000000e3700000|100%| E|CS|TAMS 0x00000000e3600000, 0x00000000e3600000| Complete 
|  55|0x00000000e3700000, 0x00000000e3800000, 0x00000000e3800000|100%| E|CS|TAMS 0x00000000e3700000, 0x00000000e3700000| Complete 
|  56|0x00000000e3800000, 0x00000000e3900000, 0x00000000e3900000|100%| E|CS|TAMS 0x00000000e3800000, 0x00000000e3800000| Complete 
|  57|0x00000000e3900000, 0x00000000e3a00000, 0x00000000e3a00000|100%| E|CS|TAMS 0x00000000e3900000, 0x00000000e3900000| Complete 
|  58|0x00000000e3a00000, 0x00000000e3b00000, 0x00000000e3b00000|100%| E|CS|TAMS 0x00000000e3a00000, 0x00000000e3a00000| Complete 
|  59|0x00000000e3b00000, 0x00000000e3c00000, 0x00000000e3c00000|100%| E|CS|TAMS 0x00000000e3b00000, 0x00000000e3b00000| Complete 
|  60|0x00000000e3c00000, 0x00000000e3d00000, 0x00000000e3d00000|100%| E|CS|TAMS 0x00000000e3c00000, 0x00000000e3c00000| Complete 
|  61|0x00000000e3d00000, 0x00000000e3e00000, 0x00000000e3e00000|100%| E|CS|TAMS 0x00000000e3d00000, 0x00000000e3d00000| Complete 

Card table byte_map: [0x0000027cf19d0000,0x0000027cf1ad0000] _byte_map_base: 0x0000027cf12d0000

Marking Bits (Prev, Next): (CMBitMap*) 0x0000027ce928f080, (CMBitMap*) 0x0000027ce928f048
 Prev Bits: [0x0000027cf23d0000, 0x0000027cf2bd0000)
 Next Bits: [0x0000027cf1bd0000, 0x0000027cf23d0000)

Polling page: 0x0000027ce7230000

Metaspace:

Usage:
  Non-class:     28.63 MB capacity,    27.96 MB ( 98%) used,   564.37 KB (  2%) free+waste,   120.00 KB ( <1%) overhead. 
      Class:      4.23 MB capacity,     3.78 MB ( 89%) used,   397.05 KB (  9%) free+waste,    59.69 KB (  1%) overhead. 
       Both:     32.86 MB capacity,    31.75 MB ( 97%) used,   961.42 KB (  3%) free+waste,   179.69 KB ( <1%) overhead. 

Virtual space:
  Non-class space:       30.00 MB reserved,      28.67 MB ( 96%) committed 
      Class space:        1.00 GB reserved,       4.25 MB ( <1%) committed 
             Both:        1.03 GB reserved,      32.92 MB (  3%) committed 

Chunk freelists:
   Non-Class:  41.00 KB
       Class:  22.00 KB
        Both:  63.00 KB

MaxMetaspaceSize: 17179869184.00 GB
CompressedClassSpaceSize: 1.00 GB
Initial GC threshold: 20.80 MB
Current GC threshold: 35.08 MB
CDS: off

CodeHeap 'non-profiled nmethods': size=120064Kb used=1073Kb max_used=1073Kb free=118990Kb
 bounds [0x0000027c87ac0000, 0x0000027c87d30000, 0x0000027c8f000000]
CodeHeap 'profiled nmethods': size=120000Kb used=5227Kb max_used=5227Kb free=114772Kb
 bounds [0x0000027c80590000, 0x0000027c80ab0000, 0x0000027c87ac0000]
CodeHeap 'non-nmethods': size=5696Kb used=1260Kb max_used=1280Kb free=4435Kb
 bounds [0x0000027c80000000, 0x0000027c80270000, 0x0000027c80590000]
 total_blobs=3111 nmethods=2570 adapters=453
 compilation: enabled
              stopped_count=0, restarted_count=0
 full_count=0

Compilation events (20 events):
Event: 13.917 Thread 0x0000027cf5205000 2562       1       com.google.common.collect.CollectSpliterators$FlatMapSpliterator::characteristics (5 bytes)
Event: 13.917 Thread 0x0000027cf5205000 nmethod 2562 0x0000027c87bcbf90 code [0x0000027c87bcc140, 0x0000027c87bcc1f8]
Event: 13.919 Thread 0x0000027cf5205000 2563       3       java.util.regex.Pattern$$Lambda$80/0x000000010016b840::is (13 bytes)
Event: 13.920 Thread 0x0000027cf5205000 nmethod 2563 0x0000027c80aa6890 code [0x0000027c80aa6a60, 0x0000027c80aa6cb8]
Event: 13.920 Thread 0x0000027cf5205000 2564       3       java.util.regex.Pattern::lambda$Range$11 (7 bytes)
Event: 13.920 Thread 0x0000027cf5205000 nmethod 2564 0x0000027c80aa6d90 code [0x0000027c80aa6f40, 0x0000027c80aa7118]
Event: 13.921 Thread 0x0000027cf51fe800 2565       4       java.util.LinkedHashMap$LinkedHashIterator::nextNode (54 bytes)
Event: 13.921 Thread 0x0000027cf5205000 2566       3       java.lang.StringUTF16::charAt (11 bytes)
Event: 13.922 Thread 0x0000027cf5205000 nmethod 2566 0x0000027c80aa7210 code [0x0000027c80aa73e0, 0x0000027c80aa75c8]
Event: 13.922 Thread 0x0000027cf5205000 2567       3       java.util.Formatter$FormatSpecifier::checkBadFlags (49 bytes)
Event: 13.922 Thread 0x0000027cf5205000 nmethod 2567 0x0000027c80aa7710 code [0x0000027c80aa7900, 0x0000027c80aa7d58]
Event: 13.922 Thread 0x0000027cf5205000 2568       3       io.netty.util.AsciiString$1::hashCode (9 bytes)
Event: 13.923 Thread 0x0000027cf5205000 nmethod 2568 0x0000027c80aa7f90 code [0x0000027c80aa8180, 0x0000027c80aa8698]
Event: 13.923 Thread 0x0000027cf5205000 2569       3       io.netty.util.AsciiString$1::hashCode (5 bytes)
Event: 13.923 Thread 0x0000027cf5205000 nmethod 2569 0x0000027c80aa8810 code [0x0000027c80aa8a00, 0x0000027c80aa8dd8]
Event: 13.923 Thread 0x0000027cf51fe800 nmethod 2565 0x0000027c87bcc290 code [0x0000027c87bcc420, 0x0000027c87bcc658]
Event: 13.924 Thread 0x0000027cf5205000 2570       3       io.netty.util.concurrent.FastThreadLocal::get (28 bytes)
Event: 13.926 Thread 0x0000027cf5205000 nmethod 2570 0x0000027c80aa8f10 code [0x0000027c80aa9200, 0x0000027c80aaa5e8]
Event: 13.926 Thread 0x0000027cf5205000 2571       3       io.netty.util.concurrent.SingleThreadEventExecutor::inEventLoop (14 bytes)
Event: 13.926 Thread 0x0000027cf5205000 nmethod 2571 0x0000027c80aaab10 code [0x0000027c80aaacc0, 0x0000027c80aaae18]

GC Heap History (12 events):
Event: 1.219 GC heap before
{Heap before GC invocations=0 (full 0):
 garbage-first heap   total 63488K, used 13312K [0x00000000e0000000, 0x0000000100000000)
  region size 1024K, 14 young (14336K), 0 survivors (0K)
 Metaspace       used 11323K, capacity 11591K, committed 11776K, reserved 1060864K
  class space    used 1133K, capacity 1211K, committed 1280K, reserved 1048576K
}
Event: 1.226 GC heap after
{Heap after GC invocations=1 (full 0):
 garbage-first heap   total 63488K, used 5565K [0x00000000e0000000, 0x0000000100000000)
  region size 1024K, 2 young (2048K), 2 survivors (2048K)
 Metaspace       used 11323K, capacity 11591K, committed 11776K, reserved 1060864K
  class space    used 1133K, capacity 1211K, committed 1280K, reserved 1048576K
}
Event: 1.636 GC heap before
{Heap before GC invocations=1 (full 0):
 garbage-first heap   total 63488K, used 11709K [0x00000000e0000000, 0x0000000100000000)
  region size 1024K, 8 young (8192K), 2 survivors (2048K)
 Metaspace       used 12995K, capacity 13317K, committed 13568K, reserved 1060864K
  class space    used 1344K, capacity 1426K, committed 1536K, reserved 1048576K
}
Event: 1.647 GC heap after
{Heap after GC invocations=2 (full 0):
 garbage-first heap   total 63488K, used 5995K [0x00000000e0000000, 0x0000000100000000)
  region size 1024K, 1 young (1024K), 1 survivors (1024K)
 Metaspace       used 12995K, capacity 13317K, committed 13568K, reserved 1060864K
  class space    used 1344K, capacity 1426K, committed 1536K, reserved 1048576K
}
Event: 2.413 GC heap before
{Heap before GC invocations=2 (full 0):
 garbage-first heap   total 63488K, used 25451K [0x00000000e0000000, 0x0000000100000000)
  region size 1024K, 20 young (20480K), 1 survivors (1024K)
 Metaspace       used 16783K, capacity 17411K, committed 17536K, reserved 1064960K
  class space    used 1886K, capacity 2147K, committed 2176K, reserved 1048576K
}
Event: 2.416 GC heap after
{Heap after GC invocations=3 (full 0):
 garbage-first heap   total 63488K, used 6916K [0x00000000e0000000, 0x0000000100000000)
  region size 1024K, 2 young (2048K), 2 survivors (2048K)
 Metaspace       used 16783K, capacity 17411K, committed 17536K, reserved 1064960K
  class space    used 1886K, capacity 2147K, committed 2176K, reserved 1048576K
}
Event: 6.238 GC heap before
{Heap before GC invocations=3 (full 0):
 garbage-first heap   total 63488K, used 26372K [0x00000000e0000000, 0x0000000100000000)
  region size 1024K, 22 young (22528K), 2 survivors (2048K)
 Metaspace       used 20385K, capacity 21168K, committed 21296K, reserved 1069056K
  class space    used 2352K, capacity 2663K, committed 2688K, reserved 1048576K
}
Event: 6.243 GC heap after
{Heap after GC invocations=4 (full 0):
 garbage-first heap   total 63488K, used 7898K [0x00000000e0000000, 0x0000000100000000)
  region size 1024K, 3 young (3072K), 3 survivors (3072K)
 Metaspace       used 20385K, capacity 21168K, committed 21296K, reserved 1069056K
  class space    used 2352K, capacity 2663K, committed 2688K, reserved 1048576K
}
Event: 6.705 GC heap before
{Heap before GC invocations=5 (full 0):
 garbage-first heap   total 63488K, used 34522K [0x00000000e0000000, 0x0000000100000000)
  region size 1024K, 29 young (29696K), 3 survivors (3072K)
 Metaspace       used 25706K, capacity 26635K, committed 26800K, reserved 1073152K
  class space    used 2954K, capacity 3309K, committed 3328K, reserved 1048576K
}
Event: 6.710 GC heap after
{Heap after GC invocations=6 (full 0):
 garbage-first heap   total 63488K, used 10103K [0x00000000e0000000, 0x0000000100000000)
  region size 1024K, 4 young (4096K), 4 survivors (4096K)
 Metaspace       used 25706K, capacity 26635K, committed 26800K, reserved 1073152K
  class space    used 2954K, capacity 3309K, committed 3328K, reserved 1048576K
}
Event: 10.635 GC heap before
{Heap before GC invocations=6 (full 0):
 garbage-first heap   total 63488K, used 43895K [0x00000000e0000000, 0x0000000100000000)
  region size 1024K, 33 young (33792K), 4 survivors (4096K)
 Metaspace       used 30042K, capacity 31070K, committed 31280K, reserved 1077248K
  class space    used 3543K, capacity 3939K, committed 3968K, reserved 1048576K
}
Event: 10.641 GC heap after
{Heap after GC invocations=7 (full 0):
 garbage-first heap   total 63488K, used 16508K [0x00000000e0000000, 0x0000000100000000)
  region size 1024K, 4 young (4096K), 4 survivors (4096K)
 Metaspace       used 30042K, capacity 31070K, committed 31280K, reserved 1077248K
  class space    used 3543K, capacity 3939K, committed 3968K, reserved 1048576K
}

Deoptimization events (20 events):
Event: 13.558 Thread 0x0000027ce9267000 Uncommon trap: trap_request=0xffffff4d fr.pc=0x0000027c87b04f94 relative=0x00000000000000d4
Event: 13.558 Thread 0x0000027ce9267000 Uncommon trap: reason=unstable_if action=reinterpret pc=0x0000027c87b04f94 method=java.util.HashMap.hash(Ljava/lang/Object;)I @ 1 c2
Event: 13.558 Thread 0x0000027ce9267000 DEOPT PACKING pc=0x0000027c87b04f94 sp=0x000000cdb09f9530
Event: 13.558 Thread 0x0000027ce9267000 DEOPT UNPACKING pc=0x0000027c8004a1af sp=0x000000cdb09f9470 mode 2
Event: 13.568 Thread 0x0000027ce9267000 Uncommon trap: trap_request=0xffffff4d fr.pc=0x0000027c87b3312c relative=0x000000000000008c
Event: 13.568 Thread 0x0000027ce9267000 Uncommon trap: reason=unstable_if action=reinterpret pc=0x0000027c87b3312c method=java.util.HashMap.hash(Ljava/lang/Object;)I @ 1 c2
Event: 13.568 Thread 0x0000027ce9267000 DEOPT PACKING pc=0x0000027c87b3312c sp=0x000000cdb09f94e0
Event: 13.568 Thread 0x0000027ce9267000 DEOPT UNPACKING pc=0x0000027c8004a1af sp=0x000000cdb09f9478 mode 2
Event: 13.637 Thread 0x0000027ce9267000 Uncommon trap: trap_request=0xffffff4d fr.pc=0x0000027c87ac27f8 relative=0x0000000000000058
Event: 13.637 Thread 0x0000027ce9267000 Uncommon trap: reason=unstable_if action=reinterpret pc=0x0000027c87ac27f8 method=java.lang.String.isLatin1()Z @ 10 c2
Event: 13.637 Thread 0x0000027ce9267000 DEOPT PACKING pc=0x0000027c87ac27f8 sp=0x000000cdb09fa510
Event: 13.637 Thread 0x0000027ce9267000 DEOPT UNPACKING pc=0x0000027c8004a1af sp=0x000000cdb09fa4a0 mode 2
Event: 13.637 Thread 0x0000027ce9267000 Uncommon trap: trap_request=0xffffff4d fr.pc=0x0000027c87b0b504 relative=0x00000000000001e4
Event: 13.637 Thread 0x0000027ce9267000 Uncommon trap: reason=unstable_if action=reinterpret pc=0x0000027c87b0b504 method=java.lang.StringCoding.encodeUTF8(B[BZ)[B @ 2 c2
Event: 13.637 Thread 0x0000027ce9267000 DEOPT PACKING pc=0x0000027c87b0b504 sp=0x000000cdb09faa20
Event: 13.637 Thread 0x0000027ce9267000 DEOPT UNPACKING pc=0x0000027c8004a1af sp=0x000000cdb09fa9c8 mode 2
Event: 13.690 Thread 0x0000027ce9267000 Uncommon trap: trap_request=0xffffff4d fr.pc=0x0000027c87b9e7c0 relative=0x0000000000000280
Event: 13.690 Thread 0x0000027ce9267000 Uncommon trap: reason=unstable_if action=reinterpret pc=0x0000027c87b9e7c0 method=java.lang.String.indexOf([BBILjava/lang/String;I)I @ 21 c2
Event: 13.690 Thread 0x0000027ce9267000 DEOPT PACKING pc=0x0000027c87b9e7c0 sp=0x000000cdb09fa7f0
Event: 13.690 Thread 0x0000027ce9267000 DEOPT UNPACKING pc=0x0000027c8004a1af sp=0x000000cdb09fa758 mode 2

Classes redefined (0 events):
No events

Internal exceptions (20 events):
Event: 5.079 Thread 0x0000027ce9267000 Exception <a 'java/lang/NoSuchMethodError'{0x00000000e37d3fd0}: 'java.lang.Object java.lang.invoke.DirectMethodHandle$Holder.invokeStatic(java.lang.Object, java.lang.Object, long)'> (0x00000000e37d3fd0) thrown at [s\src\hotspot\share\interpreter\linkResolver.cpp, line 773]
Event: 5.079 Thread 0x0000027ce9267000 Exception <a 'java/lang/NoSuchMethodError'{0x00000000e37daa98}: 'java.lang.Object java.lang.invoke.Invokers$Holder.linkToTargetMethod(java.lang.Object, long, java.lang.Object)'> (0x00000000e37daa98) thrown at [s\src\hotspot\share\interpreter\linkResolver.cpp, line 773]
Event: 6.054 Thread 0x0000027ce9267000 Exception <a 'java/lang/NoSuchMethodError'{0x00000000e3679548}: 'double java.lang.invoke.DirectMethodHandle$Holder.invokeVirtual(java.lang.Object, java.lang.Object)'> (0x00000000e3679548) thrown at [s\src\hotspot\share\interpreter\linkResolver.cpp, line 773]
Event: 6.055 Thread 0x0000027ce9267000 Exception <a 'java/lang/NoSuchMethodError'{0x00000000e367fb00}: 'float java.lang.invoke.DirectMethodHandle$Holder.invokeVirtual(java.lang.Object, java.lang.Object)'> (0x00000000e367fb00) thrown at [s\src\hotspot\share\interpreter\linkResolver.cpp, line 773]
Event: 6.055 Thread 0x0000027ce9267000 Exception <a 'java/lang/NoSuchMethodError'{0x00000000e3688858}: 'long java.lang.invoke.DirectMethodHandle$Holder.invokeVirtual(java.lang.Object, java.lang.Object)'> (0x00000000e3688858) thrown at [s\src\hotspot\share\interpreter\linkResolver.cpp, line 773]
Event: 6.189 Thread 0x0000027ce9267000 Exception <a 'java/lang/NoClassDefFoundError'{0x00000000e2e49180}> (0x00000000e2e49180) thrown at [s\src\hotspot\share\oops\instanceKlass.cpp, line 1029]
Event: 6.190 Thread 0x0000027ce9267000 Exception <a 'java/lang/NoClassDefFoundError'{0x00000000e2e6c378}: org/apache/logging/log4j/spi/ExtendedLoggerWrapper> (0x00000000e2e6c378) thrown at [s\src\hotspot\share\classfile\systemDictionary.cpp, line 219]
Event: 6.191 Thread 0x0000027ce9267000 Exception <a 'java/lang/NoClassDefFoundError'{0x00000000e2e8d700}: org/apache/log4j/Priority> (0x00000000e2e8d700) thrown at [s\src\hotspot\share\classfile\systemDictionary.cpp, line 219]
Event: 6.361 Thread 0x0000027ce9267000 Exception <a 'sun/nio/fs/WindowsException'{0x00000000e38b19a0}> (0x00000000e38b19a0) thrown at [s\src\hotspot\share\prims\jni.cpp, line 617]
Event: 6.372 Thread 0x0000027ce9267000 Exception <a 'java/lang/NoSuchMethodError'{0x00000000e38cd9a8}: 'int java.lang.invoke.DirectMethodHandle$Holder.invokeStaticInit(java.lang.Object, java.lang.Object, java.lang.Object, java.lang.Object)'> (0x00000000e38cd9a8) thrown at [s\src\hotspot\share\interpreter\linkResolver.cpp, line 773]
Event: 6.372 Thread 0x0000027ce9267000 Exception <a 'java/lang/IncompatibleClassChangeError'{0x00000000e38d6f08}: Found class java.lang.Object, but interface was expected> (0x00000000e38d6f08) thrown at [s\src\hotspot\share\interpreter\linkResolver.cpp, line 839]
Event: 6.694 Thread 0x0000027ce9267000 Exception <a 'java/lang/IncompatibleClassChangeError'{0x00000000e21543b8}: Found class java.lang.Object, but interface was expected> (0x00000000e21543b8) thrown at [s\src\hotspot\share\interpreter\linkResolver.cpp, line 839]
Event: 6.844 Thread 0x0000027ce9267000 Exception <a 'java/lang/NoSuchMethodError'{0x00000000e3a93f30}: 'java.lang.Object java.lang.invoke.Invokers$Holder.linkToTargetMethod(java.lang.Object, int, int, java.lang.Object)'> (0x00000000e3a93f30) thrown at [s\src\hotspot\share\interpreter\linkResolver.cpp, line 773]
Event: 6.847 Thread 0x0000027ce9267000 Exception <a 'java/lang/NoSuchMethodError'{0x00000000e3a97920}: 'void java.lang.invoke.DirectMethodHandle$Holder.invokeStatic(java.lang.Object, java.lang.Object, int)'> (0x00000000e3a97920) thrown at [s\src\hotspot\share\interpreter\linkResolver.cpp, line 773]
Event: 6.914 Thread 0x0000027ce9267000 Exception <a 'java/lang/NoSuchMethodError'{0x00000000e37e2038}: 'int java.lang.invoke.DirectMethodHandle$Holder.invokeSpecialIFC(java.lang.Object, java.lang.Object, java.lang.Object)'> (0x00000000e37e2038) thrown at [s\src\hotspot\share\interpreter\linkResolver.cpp, line 773]
Event: 10.648 Thread 0x0000027ce9267000 Exception <a 'java/lang/NoSuchMethodError'{0x00000000e3d2af20}: 'java.lang.Object java.lang.invoke.DirectMethodHandle$Holder.invokeSpecialIFC(java.lang.Object, java.lang.Object, java.lang.Object)'> (0x00000000e3d2af20) thrown at [s\src\hotspot\share\interpreter\linkResolver.cpp, line 773]
Event: 10.966 Thread 0x0000027ce9267000 Exception <a 'java/lang/ClassNotFoundException'{0x00000000e360e968}: sun/util/logging/resources/spi/loggingProvider> (0x00000000e360e968) thrown at [s\src\hotspot\share\classfile\systemDictionary.cpp, line 230]
Event: 13.558 Thread 0x0000027ce9267000 Implicit null exception at 0x0000027c87b04ef8 to 0x0000027c87b04f8a
Event: 13.568 Thread 0x0000027ce9267000 Implicit null exception at 0x0000027c87b330af to 0x0000027c87b3311d
Event: 13.588 Thread 0x0000027ce9267000 Exception <a 'java/lang/NoSuchMethodError'{0x00000000e32ca4f8}: 'long java.lang.invoke.DirectMethodHandle$Holder.invokeSpecial(java.lang.Object, java.lang.Object)'> (0x00000000e32ca4f8) thrown at [s\src\hotspot\share\interpreter\linkResolver.cpp, line 773]

Events (20 events):
Event: 13.752 loading class com/codeborne/selenide/CheckResult
Event: 13.752 loading class com/codeborne/selenide/CheckResult done
Event: 13.755 Executing VM operation: RevokeBias
Event: 13.755 Executing VM operation: RevokeBias done
Event: 13.755 Executing VM operation: RevokeBias
Event: 13.756 Executing VM operation: RevokeBias done
Event: 13.917 loading class com/codeborne/selenide/logevents/ErrorsCollector
Event: 13.917 loading class com/codeborne/selenide/logevents/ErrorsCollector done
Event: 13.918 loading class com/codeborne/selenide/logevents/LogEventListener
Event: 13.918 loading class com/codeborne/selenide/logevents/LogEventListener done
Event: 13.918 loading class com/codeborne/selenide/ex/SoftAssertionError
Event: 13.918 loading class com/codeborne/selenide/ex/SoftAssertionError done
Event: 13.919 loading class org/opentest4j/MultipleFailuresError
Event: 13.919 loading class org/opentest4j/MultipleFailuresError done
Event: 13.920 loading class com/codeborne/selenide/commands/Util
Event: 13.920 loading class com/codeborne/selenide/commands/Util done
Event: 13.924 Executing VM operation: RevokeBias
Event: 13.924 Executing VM operation: RevokeBias done
Event: 13.924 Executing VM operation: RevokeBias
Event: 13.924 Executing VM operation: RevokeBias done


Dynamic libraries:
0x00007ff714930000 - 0x00007ff71493e000 	C:\Program Files\Eclipse Adoptium\jdk-11.0.19.7-hotspot\bin\java.exe
0x00007ffc8d3f0000 - 0x00007ffc8d607000 	C:\WINDOWS\SYSTEM32\ntdll.dll
0x00007ffc8c3c0000 - 0x00007ffc8c484000 	C:\WINDOWS\System32\KERNEL32.DLL
0x00007ffc8ac50000 - 0x00007ffc8aff6000 	C:\WINDOWS\System32\KERNELBASE.dll
0x00007ffc8a8d0000 - 0x00007ffc8a9e1000 	C:\WINDOWS\System32\ucrtbase.dll
0x00007ffc6f7f0000 - 0x00007ffc6f808000 	C:\Program Files\Eclipse Adoptium\jdk-11.0.19.7-hotspot\bin\jli.dll
0x00007ffc8c670000 - 0x00007ffc8c81d000 	C:\WINDOWS\System32\USER32.dll
0x00007ffc8b000000 - 0x00007ffc8b026000 	C:\WINDOWS\System32\win32u.dll
0x00007ffc8d2d0000 - 0x00007ffc8d2f9000 	C:\WINDOWS\System32\GDI32.dll
0x00007ffc8b030000 - 0x00007ffc8b148000 	C:\WINDOWS\System32\gdi32full.dll
0x00007ffc8a830000 - 0x00007ffc8a8ca000 	C:\WINDOWS\System32\msvcp_win.dll
0x00007ffc6f320000 - 0x00007ffc6f339000 	C:\Program Files\Eclipse Adoptium\jdk-11.0.19.7-hotspot\bin\VCRUNTIME140.dll
0x00007ffc73d00000 - 0x00007ffc73f93000 	C:\WINDOWS\WinSxS\amd64_microsoft.windows.common-controls_6595b64144ccf1df_6.0.22621.2361_none_2712ced57382f843\COMCTL32.dll
0x00007ffc8c490000 - 0x00007ffc8c537000 	C:\WINDOWS\System32\msvcrt.dll
0x00007ffc8d200000 - 0x00007ffc8d231000 	C:\WINDOWS\System32\IMM32.DLL
0x00007ffc79480000 - 0x00007ffc7948c000 	C:\Program Files\Eclipse Adoptium\jdk-11.0.19.7-hotspot\bin\vcruntime140_1.dll
0x00007ffc5bdc0000 - 0x00007ffc5be51000 	C:\Program Files\Eclipse Adoptium\jdk-11.0.19.7-hotspot\bin\msvcp140.dll
0x00007ffc47400000 - 0x00007ffc47fbc000 	C:\Program Files\Eclipse Adoptium\jdk-11.0.19.7-hotspot\bin\server\jvm.dll
0x00007ffc8c540000 - 0x00007ffc8c5f0000 	C:\WINDOWS\System32\ADVAPI32.dll
0x00007ffc8c200000 - 0x00007ffc8c2a6000 	C:\WINDOWS\System32\sechost.dll
0x00007ffc8b1b0000 - 0x00007ffc8b2c7000 	C:\WINDOWS\System32\RPCRT4.dll
0x00007ffc8d2c0000 - 0x00007ffc8d2c8000 	C:\WINDOWS\System32\PSAPI.DLL
0x00007ffc80cd0000 - 0x00007ffc80cd9000 	C:\WINDOWS\SYSTEM32\WSOCK32.dll
0x00007ffc8d240000 - 0x00007ffc8d2b1000 	C:\WINDOWS\System32\WS2_32.dll
0x00007ffc804b0000 - 0x00007ffc804e4000 	C:\WINDOWS\SYSTEM32\WINMM.dll
0x00007ffc7e760000 - 0x00007ffc7e76a000 	C:\WINDOWS\SYSTEM32\VERSION.dll
0x00007ffc897b0000 - 0x00007ffc897c8000 	C:\WINDOWS\SYSTEM32\kernel.appcore.dll
0x00007ffc79220000 - 0x00007ffc79230000 	C:\Program Files\Eclipse Adoptium\jdk-11.0.19.7-hotspot\bin\verify.dll
0x00007ffc87fc0000 - 0x00007ffc881ee000 	C:\WINDOWS\SYSTEM32\DBGHELP.DLL
0x00007ffc8be70000 - 0x00007ffc8c1fa000 	C:\WINDOWS\System32\combase.dll
0x00007ffc8c920000 - 0x00007ffc8c9f7000 	C:\WINDOWS\System32\OLEAUT32.dll
0x00007ffc6f420000 - 0x00007ffc6f452000 	C:\WINDOWS\SYSTEM32\dbgcore.DLL
0x00007ffc8abd0000 - 0x00007ffc8ac4a000 	C:\WINDOWS\System32\bcryptPrimitives.dll
0x00007ffc732f0000 - 0x00007ffc73318000 	C:\Program Files\Eclipse Adoptium\jdk-11.0.19.7-hotspot\bin\java.dll
0x00007ffc78ed0000 - 0x00007ffc78eda000 	C:\Program Files\Eclipse Adoptium\jdk-11.0.19.7-hotspot\bin\jimage.dll
0x00007ffc71b60000 - 0x00007ffc71b78000 	C:\Program Files\Eclipse Adoptium\jdk-11.0.19.7-hotspot\bin\zip.dll
0x00007ffc8b470000 - 0x00007ffc8bcc8000 	C:\WINDOWS\System32\SHELL32.dll
0x00007ffc88680000 - 0x00007ffc88f72000 	C:\WINDOWS\SYSTEM32\windows.storage.dll
0x00007ffc88540000 - 0x00007ffc8867e000 	C:\WINDOWS\SYSTEM32\wintypes.dll
0x00007ffc8c2b0000 - 0x00007ffc8c3a3000 	C:\WINDOWS\System32\SHCORE.dll
0x00007ffc8b150000 - 0x00007ffc8b1ae000 	C:\WINDOWS\System32\shlwapi.dll
0x00007ffc8a6a0000 - 0x00007ffc8a6c6000 	C:\WINDOWS\SYSTEM32\profapi.dll
0x00007ffc78e30000 - 0x00007ffc78e49000 	C:\Program Files\Eclipse Adoptium\jdk-11.0.19.7-hotspot\bin\net.dll
0x00007ffc81110000 - 0x00007ffc81247000 	C:\WINDOWS\SYSTEM32\WINHTTP.dll
0x00007ffc89c30000 - 0x00007ffc89c99000 	C:\WINDOWS\system32\mswsock.dll
0x00007ffc69630000 - 0x00007ffc69643000 	C:\Program Files\Eclipse Adoptium\jdk-11.0.19.7-hotspot\bin\nio.dll
0x00007ffc89e80000 - 0x00007ffc89e9b000 	C:\WINDOWS\SYSTEM32\CRYPTSP.dll
0x00007ffc89710000 - 0x00007ffc89745000 	C:\WINDOWS\system32\rsaenh.dll
0x00007ffc89d20000 - 0x00007ffc89d4c000 	C:\WINDOWS\SYSTEM32\USERENV.dll
0x00007ffc8a0b0000 - 0x00007ffc8a0d8000 	C:\WINDOWS\SYSTEM32\bcrypt.dll
0x00007ffc89ea0000 - 0x00007ffc89eac000 	C:\WINDOWS\SYSTEM32\CRYPTBASE.dll
0x00007ffc891e0000 - 0x00007ffc8920d000 	C:\WINDOWS\SYSTEM32\IPHLPAPI.DLL
0x00007ffc8be40000 - 0x00007ffc8be49000 	C:\WINDOWS\System32\NSI.dll
0x00007ffc7fd90000 - 0x00007ffc7fda9000 	C:\WINDOWS\SYSTEM32\dhcpcsvc6.DLL
0x00007ffc7fd70000 - 0x00007ffc7fd8f000 	C:\WINDOWS\SYSTEM32\dhcpcsvc.DLL
0x00007ffc89250000 - 0x00007ffc89349000 	C:\WINDOWS\SYSTEM32\DNSAPI.dll
0x00007ffc80500000 - 0x00007ffc80517000 	C:\WINDOWS\system32\napinsp.dll
0x00007ffc7c4c0000 - 0x00007ffc7c4db000 	C:\WINDOWS\system32\pnrpnsp.dll
0x00007ffc79ee0000 - 0x00007ffc79ef1000 	C:\WINDOWS\System32\winrnr.dll
0x00007ffc7f230000 - 0x00007ffc7f245000 	C:\WINDOWS\system32\wshbth.dll
0x00007ffc2a060000 - 0x00007ffc2a081000 	C:\WINDOWS\system32\nlansp_c.dll
0x00007ffc7edf0000 - 0x00007ffc7edfa000 	C:\Windows\System32\rasadhlp.dll
0x00007ffc7f080000 - 0x00007ffc7f104000 	C:\WINDOWS\System32\fwpuclnt.dll
0x00007ffc70290000 - 0x00007ffc70299000 	C:\Program Files\Eclipse Adoptium\jdk-11.0.19.7-hotspot\bin\management.dll
0x00007ffc6f770000 - 0x00007ffc6f77b000 	C:\Program Files\Eclipse Adoptium\jdk-11.0.19.7-hotspot\bin\management_ext.dll
0x00007ffc875f0000 - 0x00007ffc87687000 	C:\WINDOWS\system32\apphelp.dll
0x00007ffc5eff0000 - 0x00007ffc5f017000 	C:\Program Files\Eclipse Adoptium\jdk-11.0.19.7-hotspot\bin\sunec.dll

dbghelp: loaded successfully - version: 4.0.5 - missing functions: none
symbol engine: initialized successfully - sym options: 0x614 - pdb path: .;C:\Program Files\Eclipse Adoptium\jdk-11.0.19.7-hotspot\bin;C:\WINDOWS\SYSTEM32;C:\WINDOWS\WinSxS\amd64_microsoft.windows.common-controls_6595b64144ccf1df_6.0.22621.2361_none_2712ced57382f843;C:\Program Files\Eclipse Adoptium\jdk-11.0.19.7-hotspot\bin\server

VM Arguments:
jvm_args: -Dorg.gradle.internal.worker.tmpdir=C:\Users\idusv\Desktop\Netology\5_CouseProject\QAMID-66_Vemant_CourseProject\build\tmp\test\work -Dorg.gradle.native=false -Dselenide.headless -Xmx512m -Dfile.encoding=windows-1251 -Duser.country=RU -Duser.language=ru -Duser.variant -ea 
java_command: worker.org.gradle.process.internal.worker.GradleWorkerMain 'Gradle Test Executor 51'
java_class_path (initial): C:\\Users\\idusv\\.gradle\\caches\\7.6\\workerMain\\gradle-worker.jar;C:\\Users\\idusv\\Desktop\\Netology\\5_CouseProject\\QAMID-66_Vemant_CourseProject\\build\\classes\\java\\test;C:\\Users\\idusv\\Desktop\\Netology\\5_CouseProject\\QAMID-66_Vemant_CourseProject\\build\\classes\\java\\main;C:\\Users\\idusv\\.gradle\\caches\\modules-2\\files-2.1\\org.junit.jupiter\\junit-jupiter-params\\5.9.1\\ffcd1013edaeee112be11fcddeb38882d79238de\\junit-jupiter-params-5.9.1.jar;C:\\Users\\idusv\\.gradle\\caches\\modules-2\\files-2.1\\org.junit.jupiter\\junit-jupiter-engine\\5.9.1\\1bf771097bde296c3ab174861954e8aafaaf2e94\\junit-jupiter-engine-5.9.1.jar;C:\\Users\\idusv\\.gradle\\caches\\modules-2\\files-2.1\\org.junit.jupiter\\junit-jupiter-api\\5.9.1\\7bb53fbc0173e9f6a9d21d58297af94b1f2f9ce1\\junit-jupiter-api-5.9.1.jar;C:\\Users\\idusv\\.gradle\\caches\\modules-2\\files-2.1\\org.junit.platform\\junit-platform-engine\\1.9.1\\83591e5089d6cea5f324aa3ecca9b19d5a275803\\junit-platform-engine-1.9.1.jar;C:\\Users\\idusv\\.gradle\\caches\\modules-2\\files-2.1\\org.junit.platform\\junit-platform-commons\\1.9.1\\3145f821b5cd10abcdc5f925baa5fffa6f1b628f\\junit-platform-commons-1.9.1.jar;C:\\Users\\idusv\\.gradle\\caches\\modules-2\\files-2.1\\org.junit.jupiter\\junit-jupiter\\5.9.1\\9274d3757e224bc02eae367bd481062a263c150b\\junit-jupiter-5.9.1.jar;C:\\Users\\idusv\\.gradle\\caches\\modules-2\\files-2.1\\com.codeborne\\selenide\\6.17.1\\d8e030ea78ec000b52dbdf2e41085877870bdd81\\selenide-6.17.1.jar;C:\\Users\\idusv\\.gradle\\caches\\modules-2\\files-2.1\\org.slf4j\\slf4j-simple\\1.7.32\\321ffafb5123a91a71737dbff38ebe273e771e5b\\slf4j-simple-1.7.32.jar;C:\\Users\\idusv\\.gradle\\caches\\modules-2\\files-2.1\\com.codeborne\\selenide-core\\6.17.1\\5a744d4d36e4cb1e099a9f33114869f9ce7c40d7\\selenide-core-6.17.1.jar;C:\\Users\\idusv\\.gradle\\caches\\modules-2\\files-2.1\\org.seleniumhq.selenium\\selenium-java\\4.11.0\\18cef0adbc08d152da07b234a04f6e8240ce215f\\seleni
Launcher Type: SUN_STANDARD

[Global flags]
     intx CICompilerCount                          = 3                                         {product} {ergonomic}
     uint ConcGCThreads                            = 1                                         {product} {ergonomic}
     uint G1ConcRefinementThreads                  = 4                                         {product} {ergonomic}
   size_t G1HeapRegionSize                         = 1048576                                   {product} {ergonomic}
    uintx GCDrainStackTargetSize                   = 64                                        {product} {ergonomic}
   size_t InitialHeapSize                          = 65011712                                  {product} {ergonomic}
   size_t MarkStackSize                            = 4194304                                   {product} {ergonomic}
   size_t MaxHeapSize                              = 536870912                                 {product} {command line}
   size_t MaxNewSize                               = 321912832                                 {product} {ergonomic}
   size_t MinHeapDeltaBytes                        = 1048576                                   {product} {ergonomic}
    uintx NonNMethodCodeHeapSize                   = 5830732                                {pd product} {ergonomic}
    uintx NonProfiledCodeHeapSize                  = 122913754                              {pd product} {ergonomic}
    uintx ProfiledCodeHeapSize                     = 122913754                              {pd product} {ergonomic}
    uintx ReservedCodeCacheSize                    = 251658240                              {pd product} {ergonomic}
     bool SegmentedCodeCache                       = true                                      {product} {ergonomic}
     bool UseCompressedClassPointers               = true                                 {lp64_product} {ergonomic}
     bool UseCompressedOops                        = true                                 {lp64_product} {ergonomic}
     bool UseG1GC                                  = true                                      {product} {ergonomic}
     bool UseLargePagesIndividualAllocation        = false                                  {pd product} {ergonomic}

Logging:
Log output configuration:
 #0: stdout all=warning uptime,level,tags
 #1: stderr all=off uptime,level,tags

Environment Variables:
PATH=C:\Program Files\Eclipse Adoptium\jdk-11.0.19.7-hotspot\bin;C:\WINDOWS\system32;C:\WINDOWS;C:\WINDOWS\System32\Wbem;C:\WINDOWS\System32\WindowsPowerShell\v1.0\;C:\WINDOWS\System32\OpenSSH\;C:\Program Files\dotnet\;C:\Program Files\Git\cmd;C:\Program Files\Docker\Docker\resources\bin;C:\WINDOWS\system32;C:\WINDOWS;C:\WINDOWS\System32\Wbem;C:\WINDOWS\System32\WindowsPowerShell\v1.0\;C:\WINDOWS\System32\OpenSSH\;C:\Users\idusv\AppData\Local\Microsoft\WindowsApps;
USERNAME=idusv
OS=Windows_NT
PROCESSOR_IDENTIFIER=Intel64 Family 6 Model 142 Stepping 12, GenuineIntel
TMP=C:\Users\idusv\AppData\Local\Temp
TEMP=C:\Users\idusv\AppData\Local\Temp



---------------  S Y S T E M  ---------------

OS: Windows 11 , 64 bit Build 22621 (10.0.22621.2428)
OS uptime: 1 days 5:01 hours
Hyper-V role detected

CPU:total 4 (initial active 4) (2 cores per cpu, 2 threads per core) family 6 model 142 stepping 12 microcode 0xde, cmov, cx8, fxsr, mmx, sse, sse2, sse3, ssse3, sse4.1, sse4.2, popcnt, avx, avx2, aes, clmul, erms, 3dnowpref, lzcnt, ht, tsc, tscinvbit, bmi1, bmi2, adx, fma

Memory: 4k page, system-wide physical 3851M (413M free)
TotalPageFile size 15627M (AvailPageFile size 6M)
current process WorkingSet (physical memory assigned to process): 163M, peak: 165M
current process commit charge ("private bytes"): 212M, peak: 214M

vm_info: OpenJDK 64-Bit Server VM (11.0.19+7) for windows-amd64 JRE (11.0.19+7), built on Apr 18 2023 23:12:18 by "" with MS VC++ 16.7 (VS2019)

END.
